<?xml version="1.0" encoding="utf-8"?><testsuites name="pytest tests"><testsuite name="pytest" errors="0" failures="0" skipped="1" tests="181" time="70.626" timestamp="2026-09-10T11:26:59.794818-04:00" hostname="DESKTOP-6008VVG"><testcase classname="tests.test_acquisition" name="test_resolve_refuses_to_overwrite_an_inbox_copy" time="0.004" /><testcase classname="tests.test_acquisition" name="test_intake_identifies_by_filename" time="0.003" /><testcase classname="tests.test_acquisition" name="test_intake_identifies_by_title_sniff" time="0.003" /><testcase classname="tests.test_acquisition" name="test_intake_recognizes_an_already_pinned_copy" time="0.002" /><testcase classname="tests.test_acquisition" name="test_intake_flags_different_bytes_under_a_pinned_id" time="0.002" /><testcase classname="tests.test_acquisition" name="test_intake_tells_a_stub_to_be_promoted_first" time="0.002" /><testcase classname="tests.test_acquisition" name="test_intake_leaves_the_unidentifiable_unclaimed" time="0.002" /><testcase classname="tests.test_acquisition" name="test_intake_never_edits_the_index" time="0.003" /><testcase classname="tests.test_acquisition" name="test_intake_skips_the_inbox_readme" time="0.002" /><testcase classname="tests.test_atlas" name="test_write_targets_a_path_outside_the_pinned_trees" time="0.154" /><testcase classname="tests.test_check_cache" name="test_fingerprint_covers_the_input_trees_and_changes_when_one_does" time="0.906" /><testcase classname="tests.test_check_cache" name="test_round_trip_and_hit_counting" time="0.279" /><testcase classname="tests.test_check_cache" name="test_a_suite_run_with_a_cache_skips_the_body_on_a_hit" time="0.283" /><testcase classname="tests.test_check_cache" name="test_no_cache_env_disables_it" time="0.001" /><testcase classname="tests.test_continuum_scale_comparison" name="test_runner_rejects_overwrite_and_disabled_assertions[False]" time="0.478" /><testcase classname="tests.test_continuum_scale_comparison" name="test_runner_rejects_overwrite_and_disabled_assertions[True]" time="2.135" /><testcase classname="tests.test_continuum_wilson_block" name="test_runner_preserves_existing_evidence" time="0.639" /><testcase classname="tests.test_continuum_wilson_block" name="test_runner_refuses_disabled_assertions" time="0.933" /><testcase classname="tests.test_corpus_index" name="test_scan_is_read_only" time="0.003" /><testcase classname="tests.test_derivation_statements" name="test_support_never_manufactures_a_whole_statement_proof" time="0.007" /><testcase classname="tests.test_derivation_statements" name="test_changed_source_and_wrong_anchor_cannot_keep_stale_provenance" time="0.005" /><testcase classname="tests.test_derivation_statements" name="test_added_derivation_cannot_silently_escape_the_inventory" time="0.006" /><testcase classname="tests.test_derivation_statements" name="test_missing_dependency_and_cycle_are_reported" time="0.005" /><testcase classname="tests.test_derivation_statements" name="test_formal_support_must_name_a_registered_theorem_and_scope" time="0.005" /><testcase classname="tests.test_derivation_statements" name="test_no_coverage_by_empty_fields_or_escaping_source_path" time="0.005" /><testcase classname="tests.test_docs" name="test_inline_reference_images_titles_and_balanced_destinations" time="0.010" /><testcase classname="tests.test_docs" name="test_duplicate_unicode_and_explicit_anchors" time="0.006" /><testcase classname="tests.test_docs" name="test_code_and_comments_do_not_create_links_or_headings" time="0.004" /><testcase classname="tests.test_docs" name="test_fence_marker_in_comment_does_not_hide_live_markdown[```]" time="0.004" /><testcase classname="tests.test_docs" name="test_fence_marker_in_comment_does_not_hide_live_markdown[~~~]" time="0.003" /><testcase classname="tests.test_docs" name="test_comment_marker_in_real_fence_does_not_hide_live_markdown[```]" time="0.003" /><testcase classname="tests.test_docs" name="test_comment_marker_in_real_fence_does_not_hide_live_markdown[~~~]" time="0.003" /><testcase classname="tests.test_docs" name="test_bad_links_fail_with_actionable_source_locations[missing.md-Missing local target]" time="0.004" /><testcase classname="tests.test_docs" name="test_bad_links_fail_with_actionable_source_locations[Target.md-Filename case mismatch]" time="0.004" /><testcase classname="tests.test_docs" name="test_bad_links_fail_with_actionable_source_locations[target.md#absent-Missing Markdown anchor]" time="0.006" /><testcase classname="tests.test_docs" name="test_bad_links_fail_with_actionable_source_locations[../outside.md-escapes the checkout]" time="0.004" /><testcase classname="tests.test_docs" name="test_bad_links_fail_with_actionable_source_locations[%2e%2e/outside.md-escapes the checkout]" time="0.004" /><testcase classname="tests.test_docs" name="test_bad_links_fail_with_actionable_source_locations[/etc/passwd-Absolute/local-machine]" time="0.004" /><testcase classname="tests.test_docs" name="test_bad_links_fail_with_actionable_source_locations[C:/WORKHOUSE/README.md-Absolute/local-machine]" time="0.003" /><testcase classname="tests.test_docs" name="test_bad_links_fail_with_actionable_source_locations[C:\\WORKHOUSE\\README.md-Absolute/local-machine]" time="0.004" /><testcase classname="tests.test_docs" name="test_bad_links_fail_with_actionable_source_locations[file:///C:/WORKHOUSE/README.md-Absolute/local-machine]" time="0.004" /><testcase classname="tests.test_docs" name="test_missing_reference_is_not_silently_ignored" time="0.003" /><testcase classname="tests.test_docs" name="test_fragment_only_links_and_non_markdown_fragments" time="0.004" /><testcase classname="tests.test_docs" name="test_external_links_are_skipped_and_historical_targets_not_crawled" time="0.004" /><testcase classname="tests.test_docs" name="test_nested_path_case_is_checked_even_on_case_insensitive_filesystems" time="0.004" /><testcase classname="tests.test_docs" name="test_percent_encoding_and_parent_links_inside_the_checkout" time="0.006" /><testcase classname="tests.test_docs" name="test_symlink_targets_cannot_escape_the_checkout" time="0.002"><skipped type="pytest.skip" message="Host does not permit symlink creation">C:\WORKHOUSE\worktrees\folder-evidence-integration-20260910\tests\test_docs.py:174: Host does not permit symlink creation</skipped></testcase><testcase classname="tests.test_docs" name="test_multiline_reference_syntax_is_reported_as_unsupported" time="0.003" /><testcase classname="tests.test_docs" name="test_manifest_paths_cannot_escape_and_are_required" time="0.003" /><testcase classname="tests.test_docs" name="test_duplicate_manifest_documents_fail_before_scanning" time="0.002" /><testcase classname="tests.test_docs" name="test_cli_json_exit_status_and_read_only_behavior" time="0.118" /><testcase classname="tests.test_endpoint_window" name="test_selected_runner_cold_replay_overwrite_and_optimization" time="10.813" /><testcase classname="tests.test_flat_holonomy_sources" name="test_exact_controls_replay_after_cold_relocation" time="1.863" /><testcase classname="tests.test_flat_holonomy_sources" name="test_repinned_false_mathematical_report_is_rejected" time="1.853" /><testcase classname="tests.test_full_corpus_coverage" name="test_changed_compressed_source_is_rejected_before_parsing" time="1.179" /><testcase classname="tests.test_full_corpus_coverage" name="test_optimized_python_still_rejects_a_strict_subset" time="1.802" /><testcase classname="tests.test_lean_dependencies" name="test_kernel_dependencies_follow_helpers_and_stop_at_registered_theorems" time="0.005" /><testcase classname="tests.test_lean_dependencies" name="test_changed_source_invalidates_an_otherwise_valid_export" time="0.005" /><testcase classname="tests.test_lean_dependencies" name="test_lean_fingerprints_ignore_only_checkout_line_ending_normalization[\n]" time="0.012" /><testcase classname="tests.test_lean_dependencies" name="test_lean_fingerprints_ignore_only_checkout_line_ending_normalization[\r\n]" time="0.012" /><testcase classname="tests.test_lean_dependencies" name="test_lean_fingerprints_ignore_only_checkout_line_ending_normalization[\r]" time="0.014" /><testcase classname="tests.test_lean_dependencies" name="test_lean_hash_normalization_mode_is_explicit[None]" time="0.005" /><testcase classname="tests.test_lean_dependencies" name="test_lean_hash_normalization_mode_is_explicit[raw-bytes]" time="0.006" /><testcase classname="tests.test_lean_dependencies" name="test_lean_hash_normalization_mode_is_explicit[unknown]" time="0.007" /><testcase classname="tests.test_lean_dependencies" name="test_derivation_fingerprints_remain_exact_bytes_including_line_endings" time="0.004" /><testcase classname="tests.test_lean_dependencies" name="test_nonstandard_axiom_cannot_be_called_a_kernel_certificate" time="0.005" /><testcase classname="tests.test_lean_dependencies" name="test_missing_or_non_theorem_kernel_entry_cannot_match_the_registry" time="0.006" /><testcase classname="tests.test_lean_dependencies" name="test_registered_name_cannot_be_redirected_to_a_different_theorem" time="0.005" /><testcase classname="tests.test_lean_dependencies" name="test_project_dependency_summary_cannot_disagree_with_proof_constants[dependencies0]" time="0.005" /><testcase classname="tests.test_lean_dependencies" name="test_project_dependency_summary_cannot_disagree_with_proof_constants[dependencies1]" time="0.005" /><testcase classname="tests.test_lean_dependencies" name="test_project_dependency_summary_cannot_disagree_with_proof_constants[dependencies2]" time="0.005" /><testcase classname="tests.test_lean_dependencies" name="test_project_dependency_summary_cannot_disagree_with_proof_constants[base]" time="0.005" /><testcase classname="tests.test_lean_dependencies" name="test_spurious_but_registered_dependency_is_rejected" time="0.005" /><testcase classname="tests.test_lean_dependencies" name="test_type_dependencies_are_included_in_the_extraction" time="0.006" /><testcase classname="tests.test_lean_dependencies" name="test_missing_local_helper_and_omitted_transitive_axioms_are_rejected" time="0.006" /><testcase classname="tests.test_lean_dependencies" name="test_recursive_definitions_are_allowed_but_cyclic_theorems_are_not" time="0.006" /><testcase classname="tests.test_lean_dependencies" name="test_malformed_kernel_containers_report_errors_instead_of_crashing[theorems-value0]" time="0.005" /><testcase classname="tests.test_lean_dependencies" name="test_malformed_kernel_containers_report_errors_instead_of_crashing[declarations-value1]" time="0.005" /><testcase classname="tests.test_lean_dependencies" name="test_malformed_kernel_containers_report_errors_instead_of_crashing[theorems-value2]" time="0.005" /><testcase classname="tests.test_lean_dependencies" name="test_malformed_kernel_containers_report_errors_instead_of_crashing[declarations-value3]" time="0.006" /><testcase classname="tests.test_lean_dependencies" name="test_malformed_kernel_declaration_fields_report_errors[kind-value0]" time="0.005" /><testcase classname="tests.test_lean_dependencies" name="test_malformed_kernel_declaration_fields_report_errors[axioms-None]" time="0.005" /><testcase classname="tests.test_lean_dependencies" name="test_malformed_kernel_declaration_fields_report_errors[proof_dependencies-Workhouse.base]" time="0.005" /><testcase classname="tests.test_lean_dependencies" name="test_malformed_kernel_declaration_fields_report_errors[type_dependencies-value3]" time="0.005" /><testcase classname="tests.test_lean_dependencies" name="test_non_mapping_exports_are_rejected" time="0.004" /><testcase classname="tests.test_lean_dependencies" name="test_malformed_derivation_document_does_not_crash[None]" time="0.002" /><testcase classname="tests.test_lean_dependencies" name="test_malformed_derivation_document_does_not_crash[document1]" time="0.002" /><testcase classname="tests.test_lean_dependencies" name="test_malformed_derivation_document_does_not_crash[document2]" time="0.002" /><testcase classname="tests.test_lean_dependencies" name="test_malformed_derivation_fields_do_not_crash[id-value0]" time="0.003" /><testcase classname="tests.test_lean_dependencies" name="test_malformed_derivation_fields_do_not_crash[status-value1]" time="0.003" /><testcase classname="tests.test_lean_dependencies" name="test_malformed_derivation_fields_do_not_crash[evidence-value2]" time="0.003" /><testcase classname="tests.test_lean_dependencies" name="test_malformed_derivation_fields_do_not_crash[anchor-value3]" time="0.004" /><testcase classname="tests.test_lean_dependencies" name="test_malformed_derivation_fields_do_not_crash[depends_on-None]" time="0.003" /><testcase classname="tests.test_lean_dependencies" name="test_malformed_derivation_fields_do_not_crash[lean-bad]" time="0.003" /><testcase classname="tests.test_lean_dependencies" name="test_malformed_derivation_fields_do_not_crash[lean_support-bad]" time="0.003" /><testcase classname="tests.test_lean_dependencies" name="test_malformed_derivation_fields_do_not_crash[lean_support-value7]" time="0.003" /><testcase classname="tests.test_lean_dependencies" name="test_existing_citation_cannot_point_at_the_wrong_derivation" time="0.005" /><testcase classname="tests.test_literal_coarse_sources" name="test_fresh_runner_read_only_replay_and_corruptions" time="17.613" /><testcase classname="tests.test_literal_coarse_sources" name="test_optimized_verification_and_replay_are_rejected" time="0.608" /><testcase classname="tests.test_nonlinear_wilson_block" name="test_runner_preserves_existing_output_and_rejects_optimized_python" time="0.978" /><testcase classname="tests.test_notes" name="test_manifest_deduplicates_by_digest" time="0.011" /><testcase classname="tests.test_notes" name="test_scan_refuses_an_undeclared_archive" time="0.004" /><testcase classname="tests.test_notes" name="test_queue_ranks_coefficient_bearing_first_and_review_removes" time="0.010" /><testcase classname="tests.test_notes" name="test_identical_content_reuses_original_scoped_review_across_archives" time="0.010" /><testcase classname="tests.test_notes" name="test_multiple_scoped_reviews_of_one_hash_do_not_double_count_reused_content" time="0.010" /><testcase classname="tests.test_notes" name="test_a_sound_review_validates_clean" time="0.009" /><testcase classname="tests.test_notes" name="test_an_unknown_verdict_is_rejected" time="0.010" /><testcase classname="tests.test_notes" name="test_a_verdict_without_a_reason_is_decoration" time="0.009" /><testcase classname="tests.test_notes" name="test_a_review_of_a_digest_not_in_the_manifest_is_caught" time="0.010" /><testcase classname="tests.test_notes" name="test_one_digest_gets_one_verdict" time="0.009" /><testcase classname="tests.test_notes" name="test_an_import_must_hash_to_its_digest" time="0.010" /><testcase classname="tests.test_notes" name="test_a_verbatim_import_validates" time="0.010" /><testcase classname="tests.test_notes" name="test_an_extract_must_name_what_it_entered" time="0.009" /><testcase classname="tests.test_notes" name="test_bears_on_must_resolve" time="0.179" /><testcase classname="tests.test_notes" name="test_superseded_needs_a_successor_that_can_be_found" time="0.015" /><testcase classname="tests.test_notes" name="test_a_review_against_an_uninventoried_archive_is_premature" time="0.014" /><testcase classname="tests.test_recent_research" name="test_registry_preserves_analytic_proof_status_without_manufacturing_machine_promotion" time="0.007" /><testcase classname="tests.test_recent_research" name="test_hash_byte_count_and_exact_anchor_detect_changed_or_misattributed_source" time="0.007" /><testcase classname="tests.test_recent_research" name="test_missing_copy_does_not_fall_back_to_external_original" time="0.007" /><testcase classname="tests.test_recent_research" name="test_source_paths_cannot_escape_the_pinned_bundle[../outside.md]" time="0.005" /><testcase classname="tests.test_recent_research" name="test_source_paths_cannot_escape_the_pinned_bundle[C:/outside.md]" time="0.005" /><testcase classname="tests.test_recent_research" name="test_source_paths_cannot_escape_the_pinned_bundle[runs/recent_research_integration_2026-09-09/sources/../outside.md]" time="0.005" /><testcase classname="tests.test_recent_research" name="test_source_paths_cannot_escape_the_pinned_bundle[runs/w6_bg_budget_2026-09-10/sources/../outside.md]" time="0.006" /><testcase classname="tests.test_recent_research" name="test_source_paths_cannot_escape_the_pinned_bundle[runs/unregistered/sources/proof.md]" time="0.005" /><testcase classname="tests.test_recent_research" name="test_source_paths_cannot_escape_the_pinned_bundle[runs/w6_bg_budget_2026-09-10/sources-other/proof.md]" time="0.005" /><testcase classname="tests.test_recent_research" name="test_second_preserved_bundle_retains_hash_and_scope_validation" time="0.008" /><testcase classname="tests.test_recent_research" name="test_curated_links_preserve_direction_and_require_resolving_endpoints" time="0.006" /><testcase classname="tests.test_recent_research" name="test_duplicate_nodes_and_edges_cannot_silently_collapse" time="0.006" /><testcase classname="tests.test_recent_research" name="test_result_metadata_cannot_promote_or_erase_scope[tier-0-registry tier stays 3]" time="0.007" /><testcase classname="tests.test_recent_research" name="test_result_metadata_cannot_promote_or_erase_scope[evidence-published-proof-existing evidence vocabulary]" time="0.006" /><testcase classname="tests.test_recent_research" name="test_result_metadata_cannot_promote_or_erase_scope[status-probably-true-existing claim vocabulary]" time="0.006" /><testcase classname="tests.test_recent_research" name="test_result_metadata_cannot_promote_or_erase_scope[value-0.25-exact rational string]" time="0.007" /><testcase classname="tests.test_recent_research" name="test_result_metadata_cannot_promote_or_erase_scope[scope--missing scope]" time="0.007" /><testcase classname="tests.test_recent_research" name="test_result_metadata_cannot_promote_or_erase_scope[verification--missing verification]" time="0.006" /><testcase classname="tests.test_recent_research" name="test_loader_checks_schema_and_keeps_authored_words" time="0.012" /><testcase classname="tests.test_results" name="test_result_schema_and_pinned_source" time="0.013" /><testcase classname="tests.test_results" name="test_result_requires_exact_statement_hypotheses_and_scope[scope]" time="0.008" /><testcase classname="tests.test_results" name="test_result_requires_exact_statement_hypotheses_and_scope[statement]" time="0.008" /><testcase classname="tests.test_results" name="test_result_requires_exact_statement_hypotheses_and_scope[source_section]" time="0.007" /><testcase classname="tests.test_results" name="test_result_requires_exact_statement_hypotheses_and_scope[hypotheses]" time="0.008" /><testcase classname="tests.test_results" name="test_finite_support_without_boundary_is_rejected" time="0.008" /><testcase classname="tests.test_results" name="test_result_uses_existing_closed_vocabularies[status]" time="0.007" /><testcase classname="tests.test_results" name="test_result_uses_existing_closed_vocabularies[evidence]" time="0.006" /><testcase classname="tests.test_results" name="test_duplicate_result_ids_are_rejected" time="0.006" /><testcase classname="tests.test_results" name="test_proof_source_must_resolve_to_a_document_alias[CITE:missing]" time="0.006" /><testcase classname="tests.test_results" name="test_proof_source_must_resolve_to_a_document_alias[PROOF]" time="0.006" /><testcase classname="tests.test_results" name="test_proof_source_must_resolve_to_a_document_alias[RUN:proof]" time="0.006" /><testcase classname="tests.test_results" name="test_pin_is_checked_against_actual_proof_bytes" time="0.006" /><testcase classname="tests.test_results" name="test_unpinned_or_nonpaper_source_cannot_support_result" time="0.008" /><testcase classname="tests.test_results" name="test_result_references_are_full_catalogue_ids[depends_on]" time="0.006" /><testcase classname="tests.test_results" name="test_result_references_are_full_catalogue_ids[bears_on]" time="0.006" /><testcase classname="tests.test_results" name="test_partial_checks_do_not_change_status_or_promote_full_result[conditional]" time="0.005" /><testcase classname="tests.test_results" name="test_partial_checks_do_not_change_status_or_promote_full_result[disputed]" time="0.005" /><testcase classname="tests.test_results" name="test_partial_checks_do_not_change_status_or_promote_full_result[falsified]" time="0.005" /><testcase classname="tests.test_results" name="test_partial_checks_do_not_change_status_or_promote_full_result[open]" time="0.005" /><testcase classname="tests.test_results" name="test_partial_checks_do_not_change_status_or_promote_full_result[proven]" time="0.005" /><testcase classname="tests.test_results" name="test_partial_checks_do_not_change_status_or_promote_full_result[superseded]" time="0.005" /><testcase classname="tests.test_runs" name="test_nested_run_pins_detect_changed_and_unregistered_files" time="0.008" /><testcase classname="tests.test_runs" name="test_run_pins_reject_unsafe_paths[../proof.md]" time="0.004" /><testcase classname="tests.test_runs" name="test_run_pins_reject_unsafe_paths[/proof.md]" time="0.004" /><testcase classname="tests.test_runs" name="test_run_pins_reject_unsafe_paths[C:/proof.md]" time="0.004" /><testcase classname="tests.test_runs" name="test_run_pins_reject_unsafe_paths[sources\\proof.md]" time="0.005" /><testcase classname="tests.test_runs" name="test_run_pins_reject_duplicate_entries" time="0.004" /><testcase classname="tests.test_study_graph" name="test_an_absent_study_collection_is_empty" time="0.004" /><testcase classname="tests.test_study_graph" name="test_study_files_require_the_schema_and_preserve_authored_words" time="0.008" /><testcase classname="tests.test_triage" name="test_finds_files_already_pinned" time="0.035" /><testcase classname="tests.test_triage" name="test_finds_duplicates_within_the_archive" time="0.033" /><testcase classname="tests.test_triage" name="test_short_signatures_require_co_occurrence" time="0.033" /><testcase classname="tests.test_triage" name="test_detects_the_coupling_erratum" time="0.033" /><testcase classname="tests.test_triage" name="test_extracts_date_hint" time="0.033" /><testcase classname="tests.test_triage" name="test_scan_never_modifies_the_archive" time="0.047" /><testcase classname="tests.test_triage" name="test_report_formats_without_error" time="0.044" /><testcase classname="tests.test_wilson_activity_extraction" name="test_runner_retains_exact_scope_and_refuses_to_overwrite" time="3.789" /><testcase classname="tests.test_wilson_activity_extraction" name="test_runner_cannot_certify_with_assertions_disabled" time="0.603" /><testcase classname="tests.test_wilson_creator_parent" name="test_runner_refuses_to_overwrite_existing_evidence" time="0.621" /><testcase classname="tests.test_wilson_creator_parent" name="test_runner_refuses_disabled_assertions" time="0.608" /><testcase classname="tests.test_wilson_creator_parent" name="test_runner_records_scoped_native_checks_and_independent_certificates" time="4.705" /><testcase classname="tests.test_wilson_creator_velocity" name="test_runner_records_finite_scope_and_refuses_overwrite" time="1.717" /><testcase classname="tests.test_wilson_creator_velocity" name="test_runner_cannot_certify_with_assertions_disabled" time="0.633" /><testcase classname="tests.test_wilson_physical_band" name="test_runner_preserves_scope_and_refuses_overwrite" time="1.788" /><testcase classname="tests.test_wilson_physical_band" name="test_runner_rejects_optimized_python" time="0.597" /></testsuite></testsuites>