<?xml version="1.0" encoding="utf-8"?><testsuites name="pytest tests"><testsuite name="pytest" errors="181" failures="0" skipped="0" tests="1348" time="867.123" timestamp="2026-09-10T11:09:43.239965-04:00" hostname="DESKTOP-6008VVG"><testcase classname="tests.test_acquisition" name="test_pii_from_elsevier_doi" time="0.001" /><testcase classname="tests.test_acquisition" name="test_kek_scan_url_pattern" time="0.001" /><testcase classname="tests.test_acquisition" name="test_the_resolver_plan_never_touches_walled_publishers" time="0.000" /><testcase classname="tests.test_acquisition" name="test_browser_links_carry_the_walled_archive_for_a_human" time="0.000" /><testcase classname="tests.test_acquisition" name="test_a_source_only_work_keeps_its_canonical_acquisition_link" time="0.000" /><testcase classname="tests.test_acquisition" name="test_walled_hosts_are_refused_wherever_the_url_comes_from" time="0.000" /><testcase classname="tests.test_acquisition" name="test_resolve_refuses_to_overwrite_an_inbox_copy" time="0.001"><error message="failed on setup with &quot;FileNotFoundError: [WinError 3] The system cannot find the path specified: 'C:\\WORKHOUSE\\test-temp\\folder-evidence-full-20260910-a'&quot;">self = WindowsPath('C:/WORKHOUSE/test-temp/folder-evidence-full-20260910-a')
mode = 448, parents = False, exist_ok = False

    def mkdir(self, mode=0o777, parents=False, exist_ok=False):
        """
        Create a new directory at this given path.
        """
        try:
&gt;           os.mkdir(self, mode)
E           FileNotFoundError: [WinError 3] The system cannot find the path specified: 'C:\\WORKHOUSE\\test-temp\\folder-evidence-full-20260910-a'

C:\Users\Alex\AppData\Roaming\uv\python\cpython-3.13-windows-x86_64-none\Lib\pathlib\_local.py:722: FileNotFoundError</error></testcase><testcase classname="tests.test_acquisition" name="test_manifest_lists_exactly_the_unobtained_ranked" time="0.003" /><testcase classname="tests.test_acquisition" name="test_the_manifest_renders_and_says_the_inbox_rule" time="0.002" /><testcase classname="tests.test_acquisition" name="test_intake_identifies_by_filename" time="0.001"><error message="failed on setup with &quot;FileNotFoundError: [WinError 3] The system cannot find the path specified: 'C:\\WORKHOUSE\\test-temp\\folder-evidence-full-20260910-a'&quot;">self = WindowsPath('C:/WORKHOUSE/test-temp/folder-evidence-full-20260910-a')
mode = 448, parents = False, exist_ok = False

    def mkdir(self, mode=0o777, parents=False, exist_ok=False):
        """
        Create a new directory at this given path.
        """
        try:
&gt;           os.mkdir(self, mode)
E           FileNotFoundError: [WinError 3] The system cannot find the path specified: 'C:\\WORKHOUSE\\test-temp\\folder-evidence-full-20260910-a'

C:\Users\Alex\AppData\Roaming\uv\python\cpython-3.13-windows-x86_64-none\Lib\pathlib\_local.py:722: FileNotFoundError</error></testcase><testcase classname="tests.test_acquisition" name="test_intake_identifies_by_title_sniff" time="0.001"><error message="failed on setup with &quot;FileNotFoundError: [WinError 3] The system cannot find the path specified: 'C:\\WORKHOUSE\\test-temp\\folder-evidence-full-20260910-a'&quot;">self = WindowsPath('C:/WORKHOUSE/test-temp/folder-evidence-full-20260910-a')
mode = 448, parents = False, exist_ok = False

    def mkdir(self, mode=0o777, parents=False, exist_ok=False):
        """
        Create a new directory at this given path.
        """
        try:
&gt;           os.mkdir(self, mode)
E           FileNotFoundError: [WinError 3] The system cannot find the path specified: 'C:\\WORKHOUSE\\test-temp\\folder-evidence-full-20260910-a'

C:\Users\Alex\AppData\Roaming\uv\python\cpython-3.13-windows-x86_64-none\Lib\pathlib\_local.py:722: FileNotFoundError</error></testcase><testcase classname="tests.test_acquisition" name="test_intake_recognizes_an_already_pinned_copy" time="0.001"><error message="failed on setup with &quot;FileNotFoundError: [WinError 3] The system cannot find the path specified: 'C:\\WORKHOUSE\\test-temp\\folder-evidence-full-20260910-a'&quot;">self = WindowsPath('C:/WORKHOUSE/test-temp/folder-evidence-full-20260910-a')
mode = 448, parents = False, exist_ok = False

    def mkdir(self, mode=0o777, parents=False, exist_ok=False):
        """
        Create a new directory at this given path.
        """
        try:
&gt;           os.mkdir(self, mode)
E           FileNotFoundError: [WinError 3] The system cannot find the path specified: 'C:\\WORKHOUSE\\test-temp\\folder-evidence-full-20260910-a'

C:\Users\Alex\AppData\Roaming\uv\python\cpython-3.13-windows-x86_64-none\Lib\pathlib\_local.py:722: FileNotFoundError</error></testcase><testcase classname="tests.test_acquisition" name="test_intake_flags_different_bytes_under_a_pinned_id" time="0.001"><error message="failed on setup with &quot;FileNotFoundError: [WinError 3] The system cannot find the path specified: 'C:\\WORKHOUSE\\test-temp\\folder-evidence-full-20260910-a'&quot;">self = WindowsPath('C:/WORKHOUSE/test-temp/folder-evidence-full-20260910-a')
mode = 448, parents = False, exist_ok = False

    def mkdir(self, mode=0o777, parents=False, exist_ok=False):
        """
        Create a new directory at this given path.
        """
        try:
&gt;           os.mkdir(self, mode)
E           FileNotFoundError: [WinError 3] The system cannot find the path specified: 'C:\\WORKHOUSE\\test-temp\\folder-evidence-full-20260910-a'

C:\Users\Alex\AppData\Roaming\uv\python\cpython-3.13-windows-x86_64-none\Lib\pathlib\_local.py:722: FileNotFoundError</error></testcase><testcase classname="tests.test_acquisition" name="test_intake_tells_a_stub_to_be_promoted_first" time="0.001"><error message="failed on setup with &quot;FileNotFoundError: [WinError 3] The system cannot find the path specified: 'C:\\WORKHOUSE\\test-temp\\folder-evidence-full-20260910-a'&quot;">self = WindowsPath('C:/WORKHOUSE/test-temp/folder-evidence-full-20260910-a')
mode = 448, parents = False, exist_ok = False

    def mkdir(self, mode=0o777, parents=False, exist_ok=False):
        """
        Create a new directory at this given path.
        """
        try:
&gt;           os.mkdir(self, mode)
E           FileNotFoundError: [WinError 3] The system cannot find the path specified: 'C:\\WORKHOUSE\\test-temp\\folder-evidence-full-20260910-a'

C:\Users\Alex\AppData\Roaming\uv\python\cpython-3.13-windows-x86_64-none\Lib\pathlib\_local.py:722: FileNotFoundError</error></testcase><testcase classname="tests.test_acquisition" name="test_intake_leaves_the_unidentifiable_unclaimed" time="0.000"><error message="failed on setup with &quot;FileNotFoundError: [WinError 3] The system cannot find the path specified: 'C:\\WORKHOUSE\\test-temp\\folder-evidence-full-20260910-a'&quot;">self = WindowsPath('C:/WORKHOUSE/test-temp/folder-evidence-full-20260910-a')
mode = 448, parents = False, exist_ok = False

    def mkdir(self, mode=0o777, parents=False, exist_ok=False):
        """
        Create a new directory at this given path.
        """
        try:
&gt;           os.mkdir(self, mode)
E           FileNotFoundError: [WinError 3] The system cannot find the path specified: 'C:\\WORKHOUSE\\test-temp\\folder-evidence-full-20260910-a'

C:\Users\Alex\AppData\Roaming\uv\python\cpython-3.13-windows-x86_64-none\Lib\pathlib\_local.py:722: FileNotFoundError</error></testcase><testcase classname="tests.test_acquisition" name="test_intake_never_edits_the_index" time="0.000"><error message="failed on setup with &quot;FileNotFoundError: [WinError 3] The system cannot find the path specified: 'C:\\WORKHOUSE\\test-temp\\folder-evidence-full-20260910-a'&quot;">self = WindowsPath('C:/WORKHOUSE/test-temp/folder-evidence-full-20260910-a')
mode = 448, parents = False, exist_ok = False

    def mkdir(self, mode=0o777, parents=False, exist_ok=False):
        """
        Create a new directory at this given path.
        """
        try:
&gt;           os.mkdir(self, mode)
E           FileNotFoundError: [WinError 3] The system cannot find the path specified: 'C:\\WORKHOUSE\\test-temp\\folder-evidence-full-20260910-a'

C:\Users\Alex\AppData\Roaming\uv\python\cpython-3.13-windows-x86_64-none\Lib\pathlib\_local.py:722: FileNotFoundError</error></testcase><testcase classname="tests.test_acquisition" name="test_intake_skips_the_inbox_readme" time="0.000"><error message="failed on setup with &quot;FileNotFoundError: [WinError 3] The system cannot find the path specified: 'C:\\WORKHOUSE\\test-temp\\folder-evidence-full-20260910-a'&quot;">self = WindowsPath('C:/WORKHOUSE/test-temp/folder-evidence-full-20260910-a')
mode = 448, parents = False, exist_ok = False

    def mkdir(self, mode=0o777, parents=False, exist_ok=False):
        """
        Create a new directory at this given path.
        """
        try:
&gt;           os.mkdir(self, mode)
E           FileNotFoundError: [WinError 3] The system cannot find the path specified: 'C:\\WORKHOUSE\\test-temp\\folder-evidence-full-20260910-a'

C:\Users\Alex\AppData\Roaming\uv\python\cpython-3.13-windows-x86_64-none\Lib\pathlib\_local.py:722: FileNotFoundError</error></testcase><testcase classname="tests.test_acquisition" name="test_the_inbox_is_gitignored_except_its_readme" time="0.001" /><testcase classname="tests.test_atlas" name="test_rendering_is_deterministic" time="0.095" /><testcase classname="tests.test_atlas" name="test_the_view_matches_the_graph_exactly" time="0.021" /><testcase classname="tests.test_atlas" name="test_the_dispute_stays_two_sided" time="0.005" /><testcase classname="tests.test_atlas" name="test_the_dispute_is_branchwise_and_keeps_originators" time="0.000" /><testcase classname="tests.test_atlas" name="test_unifying_candidates_carry_their_falsifier" time="0.000" /><testcase classname="tests.test_atlas" name="test_self_contained_except_google_fonts" time="0.001" /><testcase classname="tests.test_atlas" name="test_no_authored_prose_enters_the_page" time="0.001" /><testcase classname="tests.test_atlas" name="test_write_targets_a_path_outside_the_pinned_trees" time="0.001"><error message="failed on setup with &quot;FileNotFoundError: [WinError 3] The system cannot find the path specified: 'C:\\WORKHOUSE\\test-temp\\folder-evidence-full-20260910-a'&quot;">self = WindowsPath('C:/WORKHOUSE/test-temp/folder-evidence-full-20260910-a')
mode = 448, parents = False, exist_ok = False

    def mkdir(self, mode=0o777, parents=False, exist_ok=False):
        """
        Create a new directory at this given path.
        """
        try:
&gt;           os.mkdir(self, mode)
E           FileNotFoundError: [WinError 3] The system cannot find the path specified: 'C:\\WORKHOUSE\\test-temp\\folder-evidence-full-20260910-a'

C:\Users\Alex\AppData\Roaming\uv\python\cpython-3.13-windows-x86_64-none\Lib\pathlib\_local.py:722: FileNotFoundError</error></testcase><testcase classname="tests.test_atlas" name="test_full_graph_layout_uses_spatial_hashing_and_notes_are_opt_in" time="0.001" /><testcase classname="tests.test_atlas" name="test_study_notes_are_visible_with_theory_while_archive_notes_stay_opt_in" time="0.043" /><testcase classname="tests.test_certified" name="test_certified_md_is_current" time="0.602" /><testcase classname="tests.test_certified" name="test_every_claim_is_ranked_by_tier_alone" time="0.604" /><testcase classname="tests.test_certified" name="test_every_claim_carries_a_reproduction_command" time="0.616" /><testcase classname="tests.test_certified" name="test_the_reproduction_commands_actually_reproduce" time="4.204" /><testcase classname="tests.test_certified" name="test_an_unmatched_filter_fails_loudly" time="0.673" /><testcase classname="tests.test_certified" name="test_t0_claims_point_at_real_lean_lines" time="0.668" /><testcase classname="tests.test_certified" name="test_the_page_says_what_it_does_not_cover" time="0.587" /><testcase classname="tests.test_chain_channels" name="test_labels_are_the_irrep_excesses" time="0.000" /><testcase classname="tests.test_chain_channels" name="test_coplanar_chain_decomposes_into_74_channels_summing_to_x_quantum" time="8.826" /><testcase classname="tests.test_check_cache" name="test_fingerprint_covers_the_input_trees_and_changes_when_one_does" time="0.001"><error message="failed on setup with &quot;FileNotFoundError: [WinError 3] The system cannot find the path specified: 'C:\\WORKHOUSE\\test-temp\\folder-evidence-full-20260910-a'&quot;">self = WindowsPath('C:/WORKHOUSE/test-temp/folder-evidence-full-20260910-a')
mode = 448, parents = False, exist_ok = False

    def mkdir(self, mode=0o777, parents=False, exist_ok=False):
        """
        Create a new directory at this given path.
        """
        try:
&gt;           os.mkdir(self, mode)
E           FileNotFoundError: [WinError 3] The system cannot find the path specified: 'C:\\WORKHOUSE\\test-temp\\folder-evidence-full-20260910-a'

C:\Users\Alex\AppData\Roaming\uv\python\cpython-3.13-windows-x86_64-none\Lib\pathlib\_local.py:722: FileNotFoundError</error></testcase><testcase classname="tests.test_check_cache" name="test_index_reading_checks_are_keyed_on_the_index_too" time="0.289" /><testcase classname="tests.test_check_cache" name="test_round_trip_and_hit_counting" time="0.001"><error message="failed on setup with &quot;FileNotFoundError: [WinError 3] The system cannot find the path specified: 'C:\\WORKHOUSE\\test-temp\\folder-evidence-full-20260910-a'&quot;">self = WindowsPath('C:/WORKHOUSE/test-temp/folder-evidence-full-20260910-a')
mode = 448, parents = False, exist_ok = False

    def mkdir(self, mode=0o777, parents=False, exist_ok=False):
        """
        Create a new directory at this given path.
        """
        try:
&gt;           os.mkdir(self, mode)
E           FileNotFoundError: [WinError 3] The system cannot find the path specified: 'C:\\WORKHOUSE\\test-temp\\folder-evidence-full-20260910-a'

C:\Users\Alex\AppData\Roaming\uv\python\cpython-3.13-windows-x86_64-none\Lib\pathlib\_local.py:722: FileNotFoundError</error></testcase><testcase classname="tests.test_check_cache" name="test_a_suite_run_with_a_cache_skips_the_body_on_a_hit" time="0.001"><error message="failed on setup with &quot;FileNotFoundError: [WinError 3] The system cannot find the path specified: 'C:\\WORKHOUSE\\test-temp\\folder-evidence-full-20260910-a'&quot;">self = WindowsPath('C:/WORKHOUSE/test-temp/folder-evidence-full-20260910-a')
mode = 448, parents = False, exist_ok = False

    def mkdir(self, mode=0o777, parents=False, exist_ok=False):
        """
        Create a new directory at this given path.
        """
        try:
&gt;           os.mkdir(self, mode)
E           FileNotFoundError: [WinError 3] The system cannot find the path specified: 'C:\\WORKHOUSE\\test-temp\\folder-evidence-full-20260910-a'

C:\Users\Alex\AppData\Roaming\uv\python\cpython-3.13-windows-x86_64-none\Lib\pathlib\_local.py:722: FileNotFoundError</error></testcase><testcase classname="tests.test_check_cache" name="test_no_cache_env_disables_it" time="0.000"><error message="failed on setup with &quot;FileNotFoundError: [WinError 3] The system cannot find the path specified: 'C:\\WORKHOUSE\\test-temp\\folder-evidence-full-20260910-a'&quot;">self = WindowsPath('C:/WORKHOUSE/test-temp/folder-evidence-full-20260910-a')
mode = 448, parents = False, exist_ok = False

    def mkdir(self, mode=0o777, parents=False, exist_ok=False):
        """
        Create a new directory at this given path.
        """
        try:
&gt;           os.mkdir(self, mode)
E           FileNotFoundError: [WinError 3] The system cannot find the path specified: 'C:\\WORKHOUSE\\test-temp\\folder-evidence-full-20260910-a'

C:\Users\Alex\AppData\Roaming\uv\python\cpython-3.13-windows-x86_64-none\Lib\pathlib\_local.py:722: FileNotFoundError</error></testcase><testcase classname="tests.test_check_cache" name="test_verify_never_passes_a_cache" time="0.001" /><testcase classname="tests.test_cli.TestNegativeQueryRescue" name="test_bare_negative_value_still_rescued" time="0.001" /><testcase classname="tests.test_cli.TestNegativeQueryRescue" name="test_trailing_options_survive_the_rescue" time="0.000" /><testcase classname="tests.test_cli.TestNegativeQueryRescue" name="test_explicit_separator_is_left_alone" time="0.000" /><testcase classname="tests.test_cli.TestNegativeQueryRescue" name="test_option_valued_queries_untouched" time="0.000" /><testcase classname="tests.test_cli.TestNegativeQueryRescue" name="test_negative_with_options_parses_end_to_end" time="0.772" /><testcase classname="tests.test_cli.TestPlainStdout" name="test_no_color_flag_forces_plain" time="0.000" /><testcase classname="tests.test_cli.TestPlainStdout" name="test_no_color_env_forces_plain" time="0.000" /><testcase classname="tests.test_cli.TestPlainStdout" name="test_piped_output_carries_no_ansi" time="0.695" /><testcase classname="tests.test_cli.TestJsonOutput" name="test_search_json_is_one_object_with_hits" time="0.689" /><testcase classname="tests.test_cli.TestJsonOutput" name="test_why_json_carries_record_and_edges" time="0.432" /><testcase classname="tests.test_cli.TestJsonOutput" name="test_why_json_unknown_id_fails_with_error_object" time="0.200" /><testcase classname="tests.test_cli.TestJsonOutput" name="test_verify_json_reports_each_check" time="0.012" /><testcase classname="tests.test_cli.TestJsonOutput" name="test_verify_json_no_match_is_failure" time="0.010" /><testcase classname="tests.test_cli.TestWhyNextActions" name="test_explain_ends_with_runnable_verifier_commands" time="10.365" /><testcase classname="tests.test_cli.TestWhyNextActions" name="test_neighborhood_matches_explain_resolution" time="10.160" /><testcase classname="tests.test_cli" name="test_no_locale_dependent_text_reads[claims]" time="0.001" /><testcase classname="tests.test_cli" name="test_no_locale_dependent_text_reads[certified]" time="0.001" /><testcase classname="tests.test_cli" name="test_no_locale_dependent_text_reads[graph]" time="0.001" /><testcase classname="tests.test_cli" name="test_no_locale_dependent_text_reads[ledger]" time="0.001" /><testcase classname="tests.test_cli" name="test_no_locale_dependent_text_reads[literature]" time="0.001" /><testcase classname="tests.test_cli" name="test_no_locale_dependent_text_reads[navigator]" time="0.001" /><testcase classname="tests.test_cli" name="test_no_locale_dependent_text_reads[search]" time="0.001" /><testcase classname="tests.test_cli" name="test_no_locale_dependent_text_reads[cli]" time="0.001" /><testcase classname="tests.test_cli.TestDerive" name="test_multi_root_markdown_export" time="0.340" /><testcase classname="tests.test_cli.TestDerive" name="test_checks_carry_verdict_and_reproduce" time="0.333" /><testcase classname="tests.test_cli.TestDerive" name="test_unknown_root_fails_but_renders_the_rest" time="0.571" /><testcase classname="tests.test_cli.TestBranches" name="test_c2_shows_both_sides_and_the_missing_comparison" time="0.330" /><testcase classname="tests.test_cli.TestBranches" name="test_no_sides_id_is_a_clean_failure" time="0.317" /><testcase classname="tests.test_cli.TestExport" name="test_envelope_shape_and_vocabularies" time="10.716" /><testcase classname="tests.test_cli.TestNearestValue" name="test_miss_reports_nearest_registered_value" time="0.703" /><testcase classname="tests.test_cli.TestNearestValue" name="test_hit_path_stays_silent_about_proximity" time="0.796" /><testcase classname="tests.test_cli.TestNearestValue" name="test_json_carries_the_nearest_object" time="0.732" /><testcase classname="tests.test_cli" name="test_generated_files_pin_lf_newlines" time="0.002" /><testcase classname="tests.test_cli" name="test_verify_only_is_repeatable" time="0.338" /><testcase classname="tests.test_constants" name="test_registry_vocabularies_are_closed" time="0.000" /><testcase classname="tests.test_constants" name="test_resolved_dispute_keeps_both_sides_recorded" time="0.000" /><testcase classname="tests.test_constants" name="test_the_anchor_pair_is_recorded_but_not_disputed" time="0.000" /><testcase classname="tests.test_constants" name="test_scalar_shift_leaves_the_centered_operator_alone" time="0.002" /><testcase classname="tests.test_constants" name="test_phi_c_vanishes_at_gamma_so_gamma_data_cannot_fix_delta_c" time="0.031" /><testcase classname="tests.test_constants" name="test_exact_values_stay_exact_for_integer_ranks" time="0.000" /><testcase classname="tests.test_constants" name="test_float_only_values_are_named_num" time="0.000" /><testcase classname="tests.test_constants" name="test_q4_cross_derives_from_beta_pen" time="0.000" /><testcase classname="tests.test_constants" name="test_shared_values_are_declared_coincidences_not_accidental_aliases" time="0.001" /><testcase classname="tests.test_continuum_scale_comparison" name="test_native_suite_runs_seven_precisely_scoped_checks" time="0.003" /><testcase classname="tests.test_continuum_scale_comparison" name="test_schur_certificate_rejects_corruption[interval]" time="0.006" /><testcase classname="tests.test_continuum_scale_comparison" name="test_schur_certificate_rejects_corruption[index]" time="0.004" /><testcase classname="tests.test_continuum_scale_comparison" name="test_schur_certificate_rejects_corruption[margin]" time="0.004" /><testcase classname="tests.test_continuum_scale_comparison" name="test_schur_certificate_rejects_corruption[missing]" time="0.002" /><testcase classname="tests.test_continuum_scale_comparison" name="test_root_replay_distinguishes_branch_multiplicity_and_endpoint_roots" time="0.005" /><testcase classname="tests.test_continuum_scale_comparison" name="test_schur_construction_rejects_invalid_hypotheses[floor]" time="0.001" /><testcase classname="tests.test_continuum_scale_comparison" name="test_schur_construction_rejects_invalid_hypotheses[float]" time="0.001" /><testcase classname="tests.test_continuum_scale_comparison" name="test_schur_construction_rejects_invalid_hypotheses[nonsymmetric]" time="0.001" /><testcase classname="tests.test_continuum_scale_comparison" name="test_schur_construction_rejects_invalid_hypotheses[static]" time="0.001" /><testcase classname="tests.test_continuum_scale_comparison" name="test_schur_construction_rejects_invalid_hypotheses[shape]" time="0.001" /><testcase classname="tests.test_continuum_scale_comparison" name="test_psd_acceptance_keeps_off_diagonal_principal_minors" time="0.001" /><testcase classname="tests.test_continuum_scale_comparison" name="test_invalid_original_link_or_box_geometry_is_rejected[0-2-1]" time="0.001" /><testcase classname="tests.test_continuum_scale_comparison" name="test_invalid_original_link_or_box_geometry_is_rejected[2-2-0]" time="0.001" /><testcase classname="tests.test_continuum_scale_comparison" name="test_invalid_original_link_or_box_geometry_is_rejected[2-2-3]" time="0.001" /><testcase classname="tests.test_continuum_scale_comparison" name="test_invalid_original_link_or_box_geometry_is_rejected[2.0-2-1]" time="0.000" /><testcase classname="tests.test_continuum_scale_comparison" name="test_invalid_original_link_or_box_geometry_is_rejected[True-2-1]" time="0.000" /><testcase classname="tests.test_continuum_scale_comparison" name="test_original_link_curl_keeps_shared_edge_orientation" time="0.001" /><testcase classname="tests.test_continuum_scale_comparison" name="test_graph_sources_cover_a_whole_low_window_with_a_dressed_vacuum" time="0.003" /><testcase classname="tests.test_continuum_scale_comparison" name="test_graph_source_acceptance_rejects_invalid_window_or_fast_floor[nonprojector]" time="0.001" /><testcase classname="tests.test_continuum_scale_comparison" name="test_graph_source_acceptance_rejects_invalid_window_or_fast_floor[nonreducing]" time="0.001" /><testcase classname="tests.test_continuum_scale_comparison" name="test_graph_source_acceptance_rejects_invalid_window_or_fast_floor[highenergy]" time="0.001" /><testcase classname="tests.test_continuum_scale_comparison" name="test_graph_source_acceptance_rejects_invalid_window_or_fast_floor[floor]" time="0.001" /><testcase classname="tests.test_continuum_scale_comparison" name="test_inverse_budget_is_in_energy_units_and_requires_positive_bounds" time="0.001" /><testcase classname="tests.test_continuum_scale_comparison" name="test_returned_controls_and_certificates_do_not_mutate_cached_acceptance" time="0.001" /><testcase classname="tests.test_continuum_scale_comparison" name="test_periodic_geometry_rejects_short_or_noninteger_conventions[1]" time="0.000" /><testcase classname="tests.test_continuum_scale_comparison" name="test_periodic_geometry_rejects_short_or_noninteger_conventions[2]" time="0.001" /><testcase classname="tests.test_continuum_scale_comparison" name="test_periodic_geometry_rejects_short_or_noninteger_conventions[3.0]" time="0.000" /><testcase classname="tests.test_continuum_scale_comparison" name="test_periodic_geometry_rejects_short_or_noninteger_conventions[True]" time="0.000" /><testcase classname="tests.test_continuum_scale_comparison" name="test_periodic_green_requires_a_complete_site_set" time="0.012" /><testcase classname="tests.test_continuum_scale_comparison" name="test_periodic_harmonic_directions_and_nonlocal_witness_survive_replay" time="0.000" /><testcase classname="tests.test_continuum_scale_comparison" name="test_runner_rejects_overwrite_and_disabled_assertions[False]" time="0.001"><error message="failed on setup with &quot;FileNotFoundError: [WinError 3] The system cannot find the path specified: 'C:\\WORKHOUSE\\test-temp\\folder-evidence-full-20260910-a'&quot;">self = WindowsPath('C:/WORKHOUSE/test-temp/folder-evidence-full-20260910-a')
mode = 448, parents = False, exist_ok = False

    def mkdir(self, mode=0o777, parents=False, exist_ok=False):
        """
        Create a new directory at this given path.
        """
        try:
&gt;           os.mkdir(self, mode)
E           FileNotFoundError: [WinError 3] The system cannot find the path specified: 'C:\\WORKHOUSE\\test-temp\\folder-evidence-full-20260910-a'

C:\Users\Alex\AppData\Roaming\uv\python\cpython-3.13-windows-x86_64-none\Lib\pathlib\_local.py:722: FileNotFoundError</error></testcase><testcase classname="tests.test_continuum_scale_comparison" name="test_runner_rejects_overwrite_and_disabled_assertions[True]" time="0.001"><error message="failed on setup with &quot;FileNotFoundError: [WinError 3] The system cannot find the path specified: 'C:\\WORKHOUSE\\test-temp\\folder-evidence-full-20260910-a'&quot;">self = WindowsPath('C:/WORKHOUSE/test-temp/folder-evidence-full-20260910-a')
mode = 448, parents = False, exist_ok = False

    def mkdir(self, mode=0o777, parents=False, exist_ok=False):
        """
        Create a new directory at this given path.
        """
        try:
&gt;           os.mkdir(self, mode)
E           FileNotFoundError: [WinError 3] The system cannot find the path specified: 'C:\\WORKHOUSE\\test-temp\\folder-evidence-full-20260910-a'

C:\Users\Alex\AppData\Roaming\uv\python\cpython-3.13-windows-x86_64-none\Lib\pathlib\_local.py:722: FileNotFoundError</error></testcase><testcase classname="tests.test_continuum_wilson_block" name="test_native_suite_checks_all_six_scoped_controls" time="0.003" /><testcase classname="tests.test_continuum_wilson_block" name="test_rotor_replay_rejects_corrupted_enclosure[sturm]" time="0.002" /><testcase classname="tests.test_continuum_wilson_block" name="test_rotor_replay_rejects_corrupted_enclosure[tail]" time="0.001" /><testcase classname="tests.test_continuum_wilson_block" name="test_rotor_replay_rejects_corrupted_enclosure[normalization]" time="0.004" /><testcase classname="tests.test_continuum_wilson_block" name="test_rotor_replay_rejects_corrupted_enclosure[duplicate_index]" time="0.001" /><testcase classname="tests.test_continuum_wilson_block" name="test_rotor_replay_rejects_a_barrier_at_the_tail_floor" time="0.001" /><testcase classname="tests.test_continuum_wilson_block" name="test_certificate_payloads_do_not_share_mutable_state" time="0.001" /><testcase classname="tests.test_continuum_wilson_block" name="test_sturm_internal_zero_principal_minor_uses_the_correct_sign_count" time="0.000" /><testcase classname="tests.test_continuum_wilson_block" name="test_sturm_rejects_an_invalid_jacobi_domain[0-2]" time="0.000" /><testcase classname="tests.test_continuum_wilson_block" name="test_sturm_rejects_an_invalid_jacobi_domain[-1-2]" time="0.000" /><testcase classname="tests.test_continuum_wilson_block" name="test_sturm_rejects_an_invalid_jacobi_domain[1-1]" time="0.000" /><testcase classname="tests.test_continuum_wilson_block" name="test_sturm_rejects_an_invalid_jacobi_domain[1-2.0]" time="0.000" /><testcase classname="tests.test_continuum_wilson_block" name="test_gaussian_moments_keep_mixed_and_odd_terms_distinct" time="0.001" /><testcase classname="tests.test_continuum_wilson_block" name="test_invalid_rank_is_rejected" time="0.000" /><testcase classname="tests.test_continuum_wilson_block" name="test_independent_original_link_and_effective_matrix_paths_agree" time="0.000" /><testcase classname="tests.test_continuum_wilson_block" name="test_runner_preserves_existing_evidence" time="0.000"><error message="failed on setup with &quot;FileNotFoundError: [WinError 3] The system cannot find the path specified: 'C:\\WORKHOUSE\\test-temp\\folder-evidence-full-20260910-a'&quot;">self = WindowsPath('C:/WORKHOUSE/test-temp/folder-evidence-full-20260910-a')
mode = 448, parents = False, exist_ok = False

    def mkdir(self, mode=0o777, parents=False, exist_ok=False):
        """
        Create a new directory at this given path.
        """
        try:
&gt;           os.mkdir(self, mode)
E           FileNotFoundError: [WinError 3] The system cannot find the path specified: 'C:\\WORKHOUSE\\test-temp\\folder-evidence-full-20260910-a'

C:\Users\Alex\AppData\Roaming\uv\python\cpython-3.13-windows-x86_64-none\Lib\pathlib\_local.py:722: FileNotFoundError</error></testcase><testcase classname="tests.test_continuum_wilson_block" name="test_runner_refuses_disabled_assertions" time="0.001"><error message="failed on setup with &quot;FileNotFoundError: [WinError 3] The system cannot find the path specified: 'C:\\WORKHOUSE\\test-temp\\folder-evidence-full-20260910-a'&quot;">self = WindowsPath('C:/WORKHOUSE/test-temp/folder-evidence-full-20260910-a')
mode = 448, parents = False, exist_ok = False

    def mkdir(self, mode=0o777, parents=False, exist_ok=False):
        """
        Create a new directory at this given path.
        """
        try:
&gt;           os.mkdir(self, mode)
E           FileNotFoundError: [WinError 3] The system cannot find the path specified: 'C:\\WORKHOUSE\\test-temp\\folder-evidence-full-20260910-a'

C:\Users\Alex\AppData\Roaming\uv\python\cpython-3.13-windows-x86_64-none\Lib\pathlib\_local.py:722: FileNotFoundError</error></testcase><testcase classname="tests.test_corpus_index" name="test_code_files_outnumber_prose" time="1.766" /><testcase classname="tests.test_corpus_index" name="test_sealed_core_is_visible_here" time="0.001" /><testcase classname="tests.test_corpus_index" name="test_short_rationals_need_a_denominator_floor" time="0.000" /><testcase classname="tests.test_corpus_index" name="test_finds_undocumented_convention_factors" time="0.018" /><testcase classname="tests.test_corpus_index" name="test_classifier_is_prose_only" time="0.010" /><testcase classname="tests.test_corpus_index" name="test_scan_is_read_only" time="0.004"><error message="failed on setup with &quot;FileNotFoundError: [WinError 3] The system cannot find the path specified: 'C:\\WORKHOUSE\\test-temp\\folder-evidence-full-20260910-a'&quot;">self = WindowsPath('C:/WORKHOUSE/test-temp/folder-evidence-full-20260910-a')
mode = 448, parents = False, exist_ok = False

    def mkdir(self, mode=0o777, parents=False, exist_ok=False):
        """
        Create a new directory at this given path.
        """
        try:
&gt;           os.mkdir(self, mode)
E           FileNotFoundError: [WinError 3] The system cannot find the path specified: 'C:\\WORKHOUSE\\test-temp\\folder-evidence-full-20260910-a'

C:\Users\Alex\AppData\Roaming\uv\python\cpython-3.13-windows-x86_64-none\Lib\pathlib\_local.py:722: FileNotFoundError</error></testcase><testcase classname="tests.test_corpus_integrity" name="test_manifest_exists_and_is_substantial" time="0.001" /><testcase classname="tests.test_corpus_integrity" name="test_every_corpus_file_matches_its_hash" time="0.187" /><testcase classname="tests.test_corpus_integrity" name="test_formatters_are_excluded_from_evidence" time="0.001" /><testcase classname="tests.test_corpus_integrity" name="test_nothing_in_the_corpus_escapes_the_manifest" time="0.086" /><testcase classname="tests.test_corpus_integrity" name="test_the_corpus_carries_no_file_that_would_load_as_instructions" time="0.003" /><testcase classname="tests.test_corpus_registry" name="test_the_corpus_has_no_undetected_transcription_slips" time="1.538" /><testcase classname="tests.test_corpus_registry" name="test_attribution_survives_chained_equalities" time="0.000" /><testcase classname="tests.test_corpus_registry" name="test_the_b5_difference_is_exactly_A5" time="0.000" /><testcase classname="tests.test_corpus_registry" name="test_pentagonal_ratio_chain_is_only_half_documented" time="0.001" /><testcase classname="tests.test_corpus_registry" name="test_coverage_makes_the_unexamined_remainder_visible" time="0.078" /><testcase classname="tests.test_decisions" name="test_no_two_decisions_claim_the_same_number" time="0.001" /><testcase classname="tests.test_decisions" name="test_every_decision_filename_is_shaped_like_one" time="0.001" /><testcase classname="tests.test_derivation_statements" name="test_support_never_manufactures_a_whole_statement_proof" time="0.001"><error message="failed on setup with &quot;FileNotFoundError: [WinError 3] The system cannot find the path specified: 'C:\\WORKHOUSE\\test-temp\\folder-evidence-full-20260910-a'&quot;">self = WindowsPath('C:/WORKHOUSE/test-temp/folder-evidence-full-20260910-a')
mode = 448, parents = False, exist_ok = False

    def mkdir(self, mode=0o777, parents=False, exist_ok=False):
        """
        Create a new directory at this given path.
        """
        try:
&gt;           os.mkdir(self, mode)
E           FileNotFoundError: [WinError 3] The system cannot find the path specified: 'C:\\WORKHOUSE\\test-temp\\folder-evidence-full-20260910-a'

C:\Users\Alex\AppData\Roaming\uv\python\cpython-3.13-windows-x86_64-none\Lib\pathlib\_local.py:722: FileNotFoundError</error></testcase><testcase classname="tests.test_derivation_statements" name="test_changed_source_and_wrong_anchor_cannot_keep_stale_provenance" time="0.001"><error message="failed on setup with &quot;FileNotFoundError: [WinError 3] The system cannot find the path specified: 'C:\\WORKHOUSE\\test-temp\\folder-evidence-full-20260910-a'&quot;">self = WindowsPath('C:/WORKHOUSE/test-temp/folder-evidence-full-20260910-a')
mode = 448, parents = False, exist_ok = False

    def mkdir(self, mode=0o777, parents=False, exist_ok=False):
        """
        Create a new directory at this given path.
        """
        try:
&gt;           os.mkdir(self, mode)
E           FileNotFoundError: [WinError 3] The system cannot find the path specified: 'C:\\WORKHOUSE\\test-temp\\folder-evidence-full-20260910-a'

C:\Users\Alex\AppData\Roaming\uv\python\cpython-3.13-windows-x86_64-none\Lib\pathlib\_local.py:722: FileNotFoundError</error></testcase><testcase classname="tests.test_derivation_statements" name="test_added_derivation_cannot_silently_escape_the_inventory" time="0.001"><error message="failed on setup with &quot;FileNotFoundError: [WinError 3] The system cannot find the path specified: 'C:\\WORKHOUSE\\test-temp\\folder-evidence-full-20260910-a'&quot;">self = WindowsPath('C:/WORKHOUSE/test-temp/folder-evidence-full-20260910-a')
mode = 448, parents = False, exist_ok = False

    def mkdir(self, mode=0o777, parents=False, exist_ok=False):
        """
        Create a new directory at this given path.
        """
        try:
&gt;           os.mkdir(self, mode)
E           FileNotFoundError: [WinError 3] The system cannot find the path specified: 'C:\\WORKHOUSE\\test-temp\\folder-evidence-full-20260910-a'

C:\Users\Alex\AppData\Roaming\uv\python\cpython-3.13-windows-x86_64-none\Lib\pathlib\_local.py:722: FileNotFoundError</error></testcase><testcase classname="tests.test_derivation_statements" name="test_missing_dependency_and_cycle_are_reported" time="0.001"><error message="failed on setup with &quot;FileNotFoundError: [WinError 3] The system cannot find the path specified: 'C:\\WORKHOUSE\\test-temp\\folder-evidence-full-20260910-a'&quot;">self = WindowsPath('C:/WORKHOUSE/test-temp/folder-evidence-full-20260910-a')
mode = 448, parents = False, exist_ok = False

    def mkdir(self, mode=0o777, parents=False, exist_ok=False):
        """
        Create a new directory at this given path.
        """
        try:
&gt;           os.mkdir(self, mode)
E           FileNotFoundError: [WinError 3] The system cannot find the path specified: 'C:\\WORKHOUSE\\test-temp\\folder-evidence-full-20260910-a'

C:\Users\Alex\AppData\Roaming\uv\python\cpython-3.13-windows-x86_64-none\Lib\pathlib\_local.py:722: FileNotFoundError</error></testcase><testcase classname="tests.test_derivation_statements" name="test_formal_support_must_name_a_registered_theorem_and_scope" time="0.001"><error message="failed on setup with &quot;FileNotFoundError: [WinError 3] The system cannot find the path specified: 'C:\\WORKHOUSE\\test-temp\\folder-evidence-full-20260910-a'&quot;">self = WindowsPath('C:/WORKHOUSE/test-temp/folder-evidence-full-20260910-a')
mode = 448, parents = False, exist_ok = False

    def mkdir(self, mode=0o777, parents=False, exist_ok=False):
        """
        Create a new directory at this given path.
        """
        try:
&gt;           os.mkdir(self, mode)
E           FileNotFoundError: [WinError 3] The system cannot find the path specified: 'C:\\WORKHOUSE\\test-temp\\folder-evidence-full-20260910-a'

C:\Users\Alex\AppData\Roaming\uv\python\cpython-3.13-windows-x86_64-none\Lib\pathlib\_local.py:722: FileNotFoundError</error></testcase><testcase classname="tests.test_derivation_statements" name="test_no_coverage_by_empty_fields_or_escaping_source_path" time="0.001"><error message="failed on setup with &quot;FileNotFoundError: [WinError 3] The system cannot find the path specified: 'C:\\WORKHOUSE\\test-temp\\folder-evidence-full-20260910-a'&quot;">self = WindowsPath('C:/WORKHOUSE/test-temp/folder-evidence-full-20260910-a')
mode = 448, parents = False, exist_ok = False

    def mkdir(self, mode=0o777, parents=False, exist_ok=False):
        """
        Create a new directory at this given path.
        """
        try:
&gt;           os.mkdir(self, mode)
E           FileNotFoundError: [WinError 3] The system cannot find the path specified: 'C:\\WORKHOUSE\\test-temp\\folder-evidence-full-20260910-a'

C:\Users\Alex\AppData\Roaming\uv\python\cpython-3.13-windows-x86_64-none\Lib\pathlib\_local.py:722: FileNotFoundError</error></testcase><testcase classname="tests.test_derivation_statements" name="test_live_inventory_has_complete_source_identity_and_registered_support" time="0.593" /><testcase classname="tests.test_derivation_statements" name="test_generated_graph_retains_precise_source_and_kernel_dependencies" time="0.918" /><testcase classname="tests.test_docs" name="test_inline_reference_images_titles_and_balanced_destinations" time="0.001"><error message="failed on setup with &quot;FileNotFoundError: [WinError 3] The system cannot find the path specified: 'C:\\WORKHOUSE\\test-temp\\folder-evidence-full-20260910-a'&quot;">self = WindowsPath('C:/WORKHOUSE/test-temp/folder-evidence-full-20260910-a')
mode = 448, parents = False, exist_ok = False

    def mkdir(self, mode=0o777, parents=False, exist_ok=False):
        """
        Create a new directory at this given path.
        """
        try:
&gt;           os.mkdir(self, mode)
E           FileNotFoundError: [WinError 3] The system cannot find the path specified: 'C:\\WORKHOUSE\\test-temp\\folder-evidence-full-20260910-a'

C:\Users\Alex\AppData\Roaming\uv\python\cpython-3.13-windows-x86_64-none\Lib\pathlib\_local.py:722: FileNotFoundError</error></testcase><testcase classname="tests.test_docs" name="test_duplicate_unicode_and_explicit_anchors" time="0.001"><error message="failed on setup with &quot;FileNotFoundError: [WinError 3] The system cannot find the path specified: 'C:\\WORKHOUSE\\test-temp\\folder-evidence-full-20260910-a'&quot;">self = WindowsPath('C:/WORKHOUSE/test-temp/folder-evidence-full-20260910-a')
mode = 448, parents = False, exist_ok = False

    def mkdir(self, mode=0o777, parents=False, exist_ok=False):
        """
        Create a new directory at this given path.
        """
        try:
&gt;           os.mkdir(self, mode)
E           FileNotFoundError: [WinError 3] The system cannot find the path specified: 'C:\\WORKHOUSE\\test-temp\\folder-evidence-full-20260910-a'

C:\Users\Alex\AppData\Roaming\uv\python\cpython-3.13-windows-x86_64-none\Lib\pathlib\_local.py:722: FileNotFoundError</error></testcase><testcase classname="tests.test_docs" name="test_code_and_comments_do_not_create_links_or_headings" time="0.000"><error message="failed on setup with &quot;FileNotFoundError: [WinError 3] The system cannot find the path specified: 'C:\\WORKHOUSE\\test-temp\\folder-evidence-full-20260910-a'&quot;">self = WindowsPath('C:/WORKHOUSE/test-temp/folder-evidence-full-20260910-a')
mode = 448, parents = False, exist_ok = False

    def mkdir(self, mode=0o777, parents=False, exist_ok=False):
        """
        Create a new directory at this given path.
        """
        try:
&gt;           os.mkdir(self, mode)
E           FileNotFoundError: [WinError 3] The system cannot find the path specified: 'C:\\WORKHOUSE\\test-temp\\folder-evidence-full-20260910-a'

C:\Users\Alex\AppData\Roaming\uv\python\cpython-3.13-windows-x86_64-none\Lib\pathlib\_local.py:722: FileNotFoundError</error></testcase><testcase classname="tests.test_docs" name="test_fence_marker_in_comment_does_not_hide_live_markdown[```]" time="0.000"><error message="failed on setup with &quot;FileNotFoundError: [WinError 3] The system cannot find the path specified: 'C:\\WORKHOUSE\\test-temp\\folder-evidence-full-20260910-a'&quot;">self = WindowsPath('C:/WORKHOUSE/test-temp/folder-evidence-full-20260910-a')
mode = 448, parents = False, exist_ok = False

    def mkdir(self, mode=0o777, parents=False, exist_ok=False):
        """
        Create a new directory at this given path.
        """
        try:
&gt;           os.mkdir(self, mode)
E           FileNotFoundError: [WinError 3] The system cannot find the path specified: 'C:\\WORKHOUSE\\test-temp\\folder-evidence-full-20260910-a'

C:\Users\Alex\AppData\Roaming\uv\python\cpython-3.13-windows-x86_64-none\Lib\pathlib\_local.py:722: FileNotFoundError</error></testcase><testcase classname="tests.test_docs" name="test_fence_marker_in_comment_does_not_hide_live_markdown[~~~]" time="0.000"><error message="failed on setup with &quot;FileNotFoundError: [WinError 3] The system cannot find the path specified: 'C:\\WORKHOUSE\\test-temp\\folder-evidence-full-20260910-a'&quot;">self = WindowsPath('C:/WORKHOUSE/test-temp/folder-evidence-full-20260910-a')
mode = 448, parents = False, exist_ok = False

    def mkdir(self, mode=0o777, parents=False, exist_ok=False):
        """
        Create a new directory at this given path.
        """
        try:
&gt;           os.mkdir(self, mode)
E           FileNotFoundError: [WinError 3] The system cannot find the path specified: 'C:\\WORKHOUSE\\test-temp\\folder-evidence-full-20260910-a'

C:\Users\Alex\AppData\Roaming\uv\python\cpython-3.13-windows-x86_64-none\Lib\pathlib\_local.py:722: FileNotFoundError</error></testcase><testcase classname="tests.test_docs" name="test_comment_marker_in_real_fence_does_not_hide_live_markdown[```]" time="0.001"><error message="failed on setup with &quot;FileNotFoundError: [WinError 3] The system cannot find the path specified: 'C:\\WORKHOUSE\\test-temp\\folder-evidence-full-20260910-a'&quot;">self = WindowsPath('C:/WORKHOUSE/test-temp/folder-evidence-full-20260910-a')
mode = 448, parents = False, exist_ok = False

    def mkdir(self, mode=0o777, parents=False, exist_ok=False):
        """
        Create a new directory at this given path.
        """
        try:
&gt;           os.mkdir(self, mode)
E           FileNotFoundError: [WinError 3] The system cannot find the path specified: 'C:\\WORKHOUSE\\test-temp\\folder-evidence-full-20260910-a'

C:\Users\Alex\AppData\Roaming\uv\python\cpython-3.13-windows-x86_64-none\Lib\pathlib\_local.py:722: FileNotFoundError</error></testcase><testcase classname="tests.test_docs" name="test_comment_marker_in_real_fence_does_not_hide_live_markdown[~~~]" time="0.000"><error message="failed on setup with &quot;FileNotFoundError: [WinError 3] The system cannot find the path specified: 'C:\\WORKHOUSE\\test-temp\\folder-evidence-full-20260910-a'&quot;">self = WindowsPath('C:/WORKHOUSE/test-temp/folder-evidence-full-20260910-a')
mode = 448, parents = False, exist_ok = False

    def mkdir(self, mode=0o777, parents=False, exist_ok=False):
        """
        Create a new directory at this given path.
        """
        try:
&gt;           os.mkdir(self, mode)
E           FileNotFoundError: [WinError 3] The system cannot find the path specified: 'C:\\WORKHOUSE\\test-temp\\folder-evidence-full-20260910-a'

C:\Users\Alex\AppData\Roaming\uv\python\cpython-3.13-windows-x86_64-none\Lib\pathlib\_local.py:722: FileNotFoundError</error></testcase><testcase classname="tests.test_docs" name="test_bad_links_fail_with_actionable_source_locations[missing.md-Missing local target]" time="0.000"><error message="failed on setup with &quot;FileNotFoundError: [WinError 3] The system cannot find the path specified: 'C:\\WORKHOUSE\\test-temp\\folder-evidence-full-20260910-a'&quot;">self = WindowsPath('C:/WORKHOUSE/test-temp/folder-evidence-full-20260910-a')
mode = 448, parents = False, exist_ok = False

    def mkdir(self, mode=0o777, parents=False, exist_ok=False):
        """
        Create a new directory at this given path.
        """
        try:
&gt;           os.mkdir(self, mode)
E           FileNotFoundError: [WinError 3] The system cannot find the path specified: 'C:\\WORKHOUSE\\test-temp\\folder-evidence-full-20260910-a'

C:\Users\Alex\AppData\Roaming\uv\python\cpython-3.13-windows-x86_64-none\Lib\pathlib\_local.py:722: FileNotFoundError</error></testcase><testcase classname="tests.test_docs" name="test_bad_links_fail_with_actionable_source_locations[Target.md-Filename case mismatch]" time="0.000"><error message="failed on setup with &quot;FileNotFoundError: [WinError 3] The system cannot find the path specified: 'C:\\WORKHOUSE\\test-temp\\folder-evidence-full-20260910-a'&quot;">self = WindowsPath('C:/WORKHOUSE/test-temp/folder-evidence-full-20260910-a')
mode = 448, parents = False, exist_ok = False

    def mkdir(self, mode=0o777, parents=False, exist_ok=False):
        """
        Create a new directory at this given path.
        """
        try:
&gt;           os.mkdir(self, mode)
E           FileNotFoundError: [WinError 3] The system cannot find the path specified: 'C:\\WORKHOUSE\\test-temp\\folder-evidence-full-20260910-a'

C:\Users\Alex\AppData\Roaming\uv\python\cpython-3.13-windows-x86_64-none\Lib\pathlib\_local.py:722: FileNotFoundError</error></testcase><testcase classname="tests.test_docs" name="test_bad_links_fail_with_actionable_source_locations[target.md#absent-Missing Markdown anchor]" time="0.000"><error message="failed on setup with &quot;FileNotFoundError: [WinError 3] The system cannot find the path specified: 'C:\\WORKHOUSE\\test-temp\\folder-evidence-full-20260910-a'&quot;">self = WindowsPath('C:/WORKHOUSE/test-temp/folder-evidence-full-20260910-a')
mode = 448, parents = False, exist_ok = False

    def mkdir(self, mode=0o777, parents=False, exist_ok=False):
        """
        Create a new directory at this given path.
        """
        try:
&gt;           os.mkdir(self, mode)
E           FileNotFoundError: [WinError 3] The system cannot find the path specified: 'C:\\WORKHOUSE\\test-temp\\folder-evidence-full-20260910-a'

C:\Users\Alex\AppData\Roaming\uv\python\cpython-3.13-windows-x86_64-none\Lib\pathlib\_local.py:722: FileNotFoundError</error></testcase><testcase classname="tests.test_docs" name="test_bad_links_fail_with_actionable_source_locations[../outside.md-escapes the checkout]" time="0.000"><error message="failed on setup with &quot;FileNotFoundError: [WinError 3] The system cannot find the path specified: 'C:\\WORKHOUSE\\test-temp\\folder-evidence-full-20260910-a'&quot;">self = WindowsPath('C:/WORKHOUSE/test-temp/folder-evidence-full-20260910-a')
mode = 448, parents = False, exist_ok = False

    def mkdir(self, mode=0o777, parents=False, exist_ok=False):
        """
        Create a new directory at this given path.
        """
        try:
&gt;           os.mkdir(self, mode)
E           FileNotFoundError: [WinError 3] The system cannot find the path specified: 'C:\\WORKHOUSE\\test-temp\\folder-evidence-full-20260910-a'

C:\Users\Alex\AppData\Roaming\uv\python\cpython-3.13-windows-x86_64-none\Lib\pathlib\_local.py:722: FileNotFoundError</error></testcase><testcase classname="tests.test_docs" name="test_bad_links_fail_with_actionable_source_locations[%2e%2e/outside.md-escapes the checkout]" time="0.000"><error message="failed on setup with &quot;FileNotFoundError: [WinError 3] The system cannot find the path specified: 'C:\\WORKHOUSE\\test-temp\\folder-evidence-full-20260910-a'&quot;">self = WindowsPath('C:/WORKHOUSE/test-temp/folder-evidence-full-20260910-a')
mode = 448, parents = False, exist_ok = False

    def mkdir(self, mode=0o777, parents=False, exist_ok=False):
        """
        Create a new directory at this given path.
        """
        try:
&gt;           os.mkdir(self, mode)
E           FileNotFoundError: [WinError 3] The system cannot find the path specified: 'C:\\WORKHOUSE\\test-temp\\folder-evidence-full-20260910-a'

C:\Users\Alex\AppData\Roaming\uv\python\cpython-3.13-windows-x86_64-none\Lib\pathlib\_local.py:722: FileNotFoundError</error></testcase><testcase classname="tests.test_docs" name="test_bad_links_fail_with_actionable_source_locations[/etc/passwd-Absolute/local-machine]" time="0.000"><error message="failed on setup with &quot;FileNotFoundError: [WinError 3] The system cannot find the path specified: 'C:\\WORKHOUSE\\test-temp\\folder-evidence-full-20260910-a'&quot;">self = WindowsPath('C:/WORKHOUSE/test-temp/folder-evidence-full-20260910-a')
mode = 448, parents = False, exist_ok = False

    def mkdir(self, mode=0o777, parents=False, exist_ok=False):
        """
        Create a new directory at this given path.
        """
        try:
&gt;           os.mkdir(self, mode)
E           FileNotFoundError: [WinError 3] The system cannot find the path specified: 'C:\\WORKHOUSE\\test-temp\\folder-evidence-full-20260910-a'

C:\Users\Alex\AppData\Roaming\uv\python\cpython-3.13-windows-x86_64-none\Lib\pathlib\_local.py:722: FileNotFoundError</error></testcase><testcase classname="tests.test_docs" name="test_bad_links_fail_with_actionable_source_locations[C:/WORKHOUSE/README.md-Absolute/local-machine]" time="0.000"><error message="failed on setup with &quot;FileNotFoundError: [WinError 3] The system cannot find the path specified: 'C:\\WORKHOUSE\\test-temp\\folder-evidence-full-20260910-a'&quot;">self = WindowsPath('C:/WORKHOUSE/test-temp/folder-evidence-full-20260910-a')
mode = 448, parents = False, exist_ok = False

    def mkdir(self, mode=0o777, parents=False, exist_ok=False):
        """
        Create a new directory at this given path.
        """
        try:
&gt;           os.mkdir(self, mode)
E           FileNotFoundError: [WinError 3] The system cannot find the path specified: 'C:\\WORKHOUSE\\test-temp\\folder-evidence-full-20260910-a'

C:\Users\Alex\AppData\Roaming\uv\python\cpython-3.13-windows-x86_64-none\Lib\pathlib\_local.py:722: FileNotFoundError</error></testcase><testcase classname="tests.test_docs" name="test_bad_links_fail_with_actionable_source_locations[C:\\WORKHOUSE\\README.md-Absolute/local-machine]" time="0.000"><error message="failed on setup with &quot;FileNotFoundError: [WinError 3] The system cannot find the path specified: 'C:\\WORKHOUSE\\test-temp\\folder-evidence-full-20260910-a'&quot;">self = WindowsPath('C:/WORKHOUSE/test-temp/folder-evidence-full-20260910-a')
mode = 448, parents = False, exist_ok = False

    def mkdir(self, mode=0o777, parents=False, exist_ok=False):
        """
        Create a new directory at this given path.
        """
        try:
&gt;           os.mkdir(self, mode)
E           FileNotFoundError: [WinError 3] The system cannot find the path specified: 'C:\\WORKHOUSE\\test-temp\\folder-evidence-full-20260910-a'

C:\Users\Alex\AppData\Roaming\uv\python\cpython-3.13-windows-x86_64-none\Lib\pathlib\_local.py:722: FileNotFoundError</error></testcase><testcase classname="tests.test_docs" name="test_bad_links_fail_with_actionable_source_locations[file:///C:/WORKHOUSE/README.md-Absolute/local-machine]" time="0.000"><error message="failed on setup with &quot;FileNotFoundError: [WinError 3] The system cannot find the path specified: 'C:\\WORKHOUSE\\test-temp\\folder-evidence-full-20260910-a'&quot;">self = WindowsPath('C:/WORKHOUSE/test-temp/folder-evidence-full-20260910-a')
mode = 448, parents = False, exist_ok = False

    def mkdir(self, mode=0o777, parents=False, exist_ok=False):
        """
        Create a new directory at this given path.
        """
        try:
&gt;           os.mkdir(self, mode)
E           FileNotFoundError: [WinError 3] The system cannot find the path specified: 'C:\\WORKHOUSE\\test-temp\\folder-evidence-full-20260910-a'

C:\Users\Alex\AppData\Roaming\uv\python\cpython-3.13-windows-x86_64-none\Lib\pathlib\_local.py:722: FileNotFoundError</error></testcase><testcase classname="tests.test_docs" name="test_missing_reference_is_not_silently_ignored" time="0.000"><error message="failed on setup with &quot;FileNotFoundError: [WinError 3] The system cannot find the path specified: 'C:\\WORKHOUSE\\test-temp\\folder-evidence-full-20260910-a'&quot;">self = WindowsPath('C:/WORKHOUSE/test-temp/folder-evidence-full-20260910-a')
mode = 448, parents = False, exist_ok = False

    def mkdir(self, mode=0o777, parents=False, exist_ok=False):
        """
        Create a new directory at this given path.
        """
        try:
&gt;           os.mkdir(self, mode)
E           FileNotFoundError: [WinError 3] The system cannot find the path specified: 'C:\\WORKHOUSE\\test-temp\\folder-evidence-full-20260910-a'

C:\Users\Alex\AppData\Roaming\uv\python\cpython-3.13-windows-x86_64-none\Lib\pathlib\_local.py:722: FileNotFoundError</error></testcase><testcase classname="tests.test_docs" name="test_fragment_only_links_and_non_markdown_fragments" time="0.000"><error message="failed on setup with &quot;FileNotFoundError: [WinError 3] The system cannot find the path specified: 'C:\\WORKHOUSE\\test-temp\\folder-evidence-full-20260910-a'&quot;">self = WindowsPath('C:/WORKHOUSE/test-temp/folder-evidence-full-20260910-a')
mode = 448, parents = False, exist_ok = False

    def mkdir(self, mode=0o777, parents=False, exist_ok=False):
        """
        Create a new directory at this given path.
        """
        try:
&gt;           os.mkdir(self, mode)
E           FileNotFoundError: [WinError 3] The system cannot find the path specified: 'C:\\WORKHOUSE\\test-temp\\folder-evidence-full-20260910-a'

C:\Users\Alex\AppData\Roaming\uv\python\cpython-3.13-windows-x86_64-none\Lib\pathlib\_local.py:722: FileNotFoundError</error></testcase><testcase classname="tests.test_docs" name="test_external_links_are_skipped_and_historical_targets_not_crawled" time="0.000"><error message="failed on setup with &quot;FileNotFoundError: [WinError 3] The system cannot find the path specified: 'C:\\WORKHOUSE\\test-temp\\folder-evidence-full-20260910-a'&quot;">self = WindowsPath('C:/WORKHOUSE/test-temp/folder-evidence-full-20260910-a')
mode = 448, parents = False, exist_ok = False

    def mkdir(self, mode=0o777, parents=False, exist_ok=False):
        """
        Create a new directory at this given path.
        """
        try:
&gt;           os.mkdir(self, mode)
E           FileNotFoundError: [WinError 3] The system cannot find the path specified: 'C:\\WORKHOUSE\\test-temp\\folder-evidence-full-20260910-a'

C:\Users\Alex\AppData\Roaming\uv\python\cpython-3.13-windows-x86_64-none\Lib\pathlib\_local.py:722: FileNotFoundError</error></testcase><testcase classname="tests.test_docs" name="test_nested_path_case_is_checked_even_on_case_insensitive_filesystems" time="0.000"><error message="failed on setup with &quot;FileNotFoundError: [WinError 3] The system cannot find the path specified: 'C:\\WORKHOUSE\\test-temp\\folder-evidence-full-20260910-a'&quot;">self = WindowsPath('C:/WORKHOUSE/test-temp/folder-evidence-full-20260910-a')
mode = 448, parents = False, exist_ok = False

    def mkdir(self, mode=0o777, parents=False, exist_ok=False):
        """
        Create a new directory at this given path.
        """
        try:
&gt;           os.mkdir(self, mode)
E           FileNotFoundError: [WinError 3] The system cannot find the path specified: 'C:\\WORKHOUSE\\test-temp\\folder-evidence-full-20260910-a'

C:\Users\Alex\AppData\Roaming\uv\python\cpython-3.13-windows-x86_64-none\Lib\pathlib\_local.py:722: FileNotFoundError</error></testcase><testcase classname="tests.test_docs" name="test_percent_encoding_and_parent_links_inside_the_checkout" time="0.000"><error message="failed on setup with &quot;FileNotFoundError: [WinError 3] The system cannot find the path specified: 'C:\\WORKHOUSE\\test-temp\\folder-evidence-full-20260910-a'&quot;">self = WindowsPath('C:/WORKHOUSE/test-temp/folder-evidence-full-20260910-a')
mode = 448, parents = False, exist_ok = False

    def mkdir(self, mode=0o777, parents=False, exist_ok=False):
        """
        Create a new directory at this given path.
        """
        try:
&gt;           os.mkdir(self, mode)
E           FileNotFoundError: [WinError 3] The system cannot find the path specified: 'C:\\WORKHOUSE\\test-temp\\folder-evidence-full-20260910-a'

C:\Users\Alex\AppData\Roaming\uv\python\cpython-3.13-windows-x86_64-none\Lib\pathlib\_local.py:722: FileNotFoundError</error></testcase><testcase classname="tests.test_docs" name="test_symlink_targets_cannot_escape_the_checkout" time="0.000"><error message="failed on setup with &quot;FileNotFoundError: [WinError 3] The system cannot find the path specified: 'C:\\WORKHOUSE\\test-temp\\folder-evidence-full-20260910-a'&quot;">self = WindowsPath('C:/WORKHOUSE/test-temp/folder-evidence-full-20260910-a')
mode = 448, parents = False, exist_ok = False

    def mkdir(self, mode=0o777, parents=False, exist_ok=False):
        """
        Create a new directory at this given path.
        """
        try:
&gt;           os.mkdir(self, mode)
E           FileNotFoundError: [WinError 3] The system cannot find the path specified: 'C:\\WORKHOUSE\\test-temp\\folder-evidence-full-20260910-a'

C:\Users\Alex\AppData\Roaming\uv\python\cpython-3.13-windows-x86_64-none\Lib\pathlib\_local.py:722: FileNotFoundError</error></testcase><testcase classname="tests.test_docs" name="test_multiline_reference_syntax_is_reported_as_unsupported" time="0.000"><error message="failed on setup with &quot;FileNotFoundError: [WinError 3] The system cannot find the path specified: 'C:\\WORKHOUSE\\test-temp\\folder-evidence-full-20260910-a'&quot;">self = WindowsPath('C:/WORKHOUSE/test-temp/folder-evidence-full-20260910-a')
mode = 448, parents = False, exist_ok = False

    def mkdir(self, mode=0o777, parents=False, exist_ok=False):
        """
        Create a new directory at this given path.
        """
        try:
&gt;           os.mkdir(self, mode)
E           FileNotFoundError: [WinError 3] The system cannot find the path specified: 'C:\\WORKHOUSE\\test-temp\\folder-evidence-full-20260910-a'

C:\Users\Alex\AppData\Roaming\uv\python\cpython-3.13-windows-x86_64-none\Lib\pathlib\_local.py:722: FileNotFoundError</error></testcase><testcase classname="tests.test_docs" name="test_manifest_paths_cannot_escape_and_are_required" time="0.000"><error message="failed on setup with &quot;FileNotFoundError: [WinError 3] The system cannot find the path specified: 'C:\\WORKHOUSE\\test-temp\\folder-evidence-full-20260910-a'&quot;">self = WindowsPath('C:/WORKHOUSE/test-temp/folder-evidence-full-20260910-a')
mode = 448, parents = False, exist_ok = False

    def mkdir(self, mode=0o777, parents=False, exist_ok=False):
        """
        Create a new directory at this given path.
        """
        try:
&gt;           os.mkdir(self, mode)
E           FileNotFoundError: [WinError 3] The system cannot find the path specified: 'C:\\WORKHOUSE\\test-temp\\folder-evidence-full-20260910-a'

C:\Users\Alex\AppData\Roaming\uv\python\cpython-3.13-windows-x86_64-none\Lib\pathlib\_local.py:722: FileNotFoundError</error></testcase><testcase classname="tests.test_docs" name="test_duplicate_manifest_documents_fail_before_scanning" time="0.000"><error message="failed on setup with &quot;FileNotFoundError: [WinError 3] The system cannot find the path specified: 'C:\\WORKHOUSE\\test-temp\\folder-evidence-full-20260910-a'&quot;">self = WindowsPath('C:/WORKHOUSE/test-temp/folder-evidence-full-20260910-a')
mode = 448, parents = False, exist_ok = False

    def mkdir(self, mode=0o777, parents=False, exist_ok=False):
        """
        Create a new directory at this given path.
        """
        try:
&gt;           os.mkdir(self, mode)
E           FileNotFoundError: [WinError 3] The system cannot find the path specified: 'C:\\WORKHOUSE\\test-temp\\folder-evidence-full-20260910-a'

C:\Users\Alex\AppData\Roaming\uv\python\cpython-3.13-windows-x86_64-none\Lib\pathlib\_local.py:722: FileNotFoundError</error></testcase><testcase classname="tests.test_docs" name="test_cli_json_exit_status_and_read_only_behavior" time="0.001"><error message="failed on setup with &quot;FileNotFoundError: [WinError 3] The system cannot find the path specified: 'C:\\WORKHOUSE\\test-temp\\folder-evidence-full-20260910-a'&quot;">self = WindowsPath('C:/WORKHOUSE/test-temp/folder-evidence-full-20260910-a')
mode = 448, parents = False, exist_ok = False

    def mkdir(self, mode=0o777, parents=False, exist_ok=False):
        """
        Create a new directory at this given path.
        """
        try:
&gt;           os.mkdir(self, mode)
E           FileNotFoundError: [WinError 3] The system cannot find the path specified: 'C:\\WORKHOUSE\\test-temp\\folder-evidence-full-20260910-a'

C:\Users\Alex\AppData\Roaming\uv\python\cpython-3.13-windows-x86_64-none\Lib\pathlib\_local.py:722: FileNotFoundError</error></testcase><testcase classname="tests.test_documents" name="test_legend_is_sound" time="0.011" /><testcase classname="tests.test_documents" name="test_the_canonical_authority_stack_is_explicit_and_resolvable" time="0.000" /><testcase classname="tests.test_documents" name="test_every_check_citation_resolves" time="0.008" /><testcase classname="tests.test_documents" name="test_explicit_document_citations_resolve_without_promoting_the_source" time="0.001" /><testcase classname="tests.test_endpoint_window" name="test_ten_checks_are_finite_and_complete" time="2.710" /><testcase classname="tests.test_endpoint_window" name="test_full_endpoint_checks_the_complete_tail" time="0.011" /><testcase classname="tests.test_endpoint_window" name="test_full_endpoint_rejects_missing_hypotheses[missing_vacuum]" time="0.002" /><testcase classname="tests.test_endpoint_window" name="test_full_endpoint_rejects_missing_hypotheses[normalization]" time="0.001" /><testcase classname="tests.test_endpoint_window" name="test_full_endpoint_rejects_missing_hypotheses[float]" time="0.001" /><testcase classname="tests.test_endpoint_window" name="test_full_endpoint_rejects_missing_hypotheses[nonpositive]" time="0.001" /><testcase classname="tests.test_endpoint_window" name="test_full_endpoint_rejects_missing_hypotheses[above_one]" time="0.001" /><testcase classname="tests.test_endpoint_window" name="test_full_endpoint_rejects_missing_hypotheses[cap]" time="0.002" /><testcase classname="tests.test_endpoint_window" name="test_full_endpoint_rejects_missing_hypotheses[threshold]" time="0.002" /><testcase classname="tests.test_endpoint_window" name="test_strict_threshold_does_not_count_equality" time="0.004" /><testcase classname="tests.test_endpoint_window" name="test_moment_api_rejects_false_exact_moments[negative_variance]" time="0.001" /><testcase classname="tests.test_endpoint_window" name="test_moment_api_rejects_false_exact_moments[impossible_contraction_moment]" time="0.002" /><testcase classname="tests.test_endpoint_window" name="test_moment_api_rejects_false_exact_moments[nonsymmetric]" time="0.001" /><testcase classname="tests.test_endpoint_window" name="test_moment_api_rejects_false_exact_moments[float]" time="0.001" /><testcase classname="tests.test_endpoint_window" name="test_moment_api_rejects_false_exact_moments[wrong_shape]" time="0.001" /><testcase classname="tests.test_endpoint_window" name="test_two_lag_replay_rejects_changed_count" time="0.005" /><testcase classname="tests.test_endpoint_window" name="test_tensor_gradient_uses_complete_nonorthonormal_profile_gram" time="0.046" /><testcase classname="tests.test_endpoint_window" name="test_gradient_requires_local_domains_and_centering[uncentered]" time="0.001" /><testcase classname="tests.test_endpoint_window" name="test_gradient_requires_local_domains_and_centering[negative]" time="0.001" /><testcase classname="tests.test_endpoint_window" name="test_gradient_requires_local_domains_and_centering[overfull]" time="0.002" /><testcase classname="tests.test_endpoint_window" name="test_gradient_requires_local_domains_and_centering[anisotropic_full]" time="0.001" /><testcase classname="tests.test_endpoint_window" name="test_gradient_requires_local_domains_and_centering[copies]" time="0.001" /><testcase classname="tests.test_endpoint_window" name="test_gradient_requires_local_domains_and_centering[float]" time="0.001" /><testcase classname="tests.test_endpoint_window" name="test_su2_leading_score_radial_and_pair_geometry" time="0.007" /><testcase classname="tests.test_endpoint_window" name="test_Qi_floor_retains_harmonics_and_actual_complex_source_gram" time="0.015" /><testcase classname="tests.test_endpoint_window" name="test_source_floor_rejects_compression_only_bound" time="0.002" /><testcase classname="tests.test_endpoint_window" name="test_source_floor_requires_full_geometry[missing_harmonic]" time="0.004" /><testcase classname="tests.test_endpoint_window" name="test_source_floor_requires_full_geometry[not_transverse]" time="0.001" /><testcase classname="tests.test_endpoint_window" name="test_source_floor_requires_full_geometry[false_floor]" time="0.006" /><testcase classname="tests.test_endpoint_window" name="test_source_floor_requires_full_geometry[not_projection]" time="0.001" /><testcase classname="tests.test_endpoint_window" name="test_source_floor_requires_full_geometry[nonhermitian]" time="0.001" /><testcase classname="tests.test_endpoint_window" name="test_source_floor_requires_full_geometry[not_Qi]" time="0.001" /><testcase classname="tests.test_endpoint_window" name="test_source_floor_requires_full_geometry[dependent]" time="0.001" /><testcase classname="tests.test_endpoint_window" name="test_selected_runner_cold_replay_overwrite_and_optimization" time="0.001"><error message="failed on setup with &quot;FileNotFoundError: [WinError 3] The system cannot find the path specified: 'C:\\WORKHOUSE\\test-temp\\folder-evidence-full-20260910-a'&quot;">self = WindowsPath('C:/WORKHOUSE/test-temp/folder-evidence-full-20260910-a')
mode = 448, parents = False, exist_ok = False

    def mkdir(self, mode=0o777, parents=False, exist_ok=False):
        """
        Create a new directory at this given path.
        """
        try:
&gt;           os.mkdir(self, mode)
E           FileNotFoundError: [WinError 3] The system cannot find the path specified: 'C:\\WORKHOUSE\\test-temp\\folder-evidence-full-20260910-a'

C:\Users\Alex\AppData\Roaming\uv\python\cpython-3.13-windows-x86_64-none\Lib\pathlib\_local.py:722: FileNotFoundError</error></testcase><testcase classname="tests.test_finder" name="test_tokenizer_keeps_rationals_whole_and_drops_stop_words" time="0.000" /><testcase classname="tests.test_finder" name="test_a_question_in_words_finds_the_check_that_answers_it" time="1.434" /><testcase classname="tests.test_finder" name="test_corpus_prose_is_in_the_index_with_line_numbers" time="0.230" /><testcase classname="tests.test_finder" name="test_a_query_with_no_shared_term_is_empty_not_invented" time="0.252" /><testcase classname="tests.test_flat_holonomy_sources" name="test_exact_controls_replay_after_cold_relocation" time="0.001"><error message="failed on setup with &quot;FileNotFoundError: [WinError 3] The system cannot find the path specified: 'C:\\WORKHOUSE\\test-temp\\folder-evidence-full-20260910-a'&quot;">self = WindowsPath('C:/WORKHOUSE/test-temp/folder-evidence-full-20260910-a')
mode = 448, parents = False, exist_ok = False

    def mkdir(self, mode=0o777, parents=False, exist_ok=False):
        """
        Create a new directory at this given path.
        """
        try:
&gt;           os.mkdir(self, mode)
E           FileNotFoundError: [WinError 3] The system cannot find the path specified: 'C:\\WORKHOUSE\\test-temp\\folder-evidence-full-20260910-a'

C:\Users\Alex\AppData\Roaming\uv\python\cpython-3.13-windows-x86_64-none\Lib\pathlib\_local.py:722: FileNotFoundError</error></testcase><testcase classname="tests.test_flat_holonomy_sources" name="test_repinned_false_mathematical_report_is_rejected" time="0.000"><error message="failed on setup with &quot;FileNotFoundError: [WinError 3] The system cannot find the path specified: 'C:\\WORKHOUSE\\test-temp\\folder-evidence-full-20260910-a'&quot;">self = WindowsPath('C:/WORKHOUSE/test-temp/folder-evidence-full-20260910-a')
mode = 448, parents = False, exist_ok = False

    def mkdir(self, mode=0o777, parents=False, exist_ok=False):
        """
        Create a new directory at this given path.
        """
        try:
&gt;           os.mkdir(self, mode)
E           FileNotFoundError: [WinError 3] The system cannot find the path specified: 'C:\\WORKHOUSE\\test-temp\\folder-evidence-full-20260910-a'

C:\Users\Alex\AppData\Roaming\uv\python\cpython-3.13-windows-x86_64-none\Lib\pathlib\_local.py:722: FileNotFoundError</error></testcase><testcase classname="tests.test_flat_holonomy_sources" name="test_optimized_execution_cannot_skip_proof_controls" time="1.726" /><testcase classname="tests.test_flat_holonomy_sources" name="test_registered_proof_matches_frozen_proof" time="0.001" /><testcase classname="tests.test_folder_evidence" name="test_received_folder_evidence_has_scoped_graph_coverage" time="0.342" /><testcase classname="tests.test_folder_evidence" name="test_intake_rejects_lost_sources_and_broken_provenance[omitted]" time="0.006" /><testcase classname="tests.test_folder_evidence" name="test_intake_rejects_lost_sources_and_broken_provenance[duplicate]" time="0.003" /><testcase classname="tests.test_folder_evidence" name="test_intake_rejects_lost_sources_and_broken_provenance[digest]" time="0.003" /><testcase classname="tests.test_folder_evidence" name="test_intake_rejects_lost_sources_and_broken_provenance[citation]" time="0.294" /><testcase classname="tests.test_folder_evidence" name="test_intake_rejects_lost_sources_and_broken_provenance[claim]" time="0.519" /><testcase classname="tests.test_folder_evidence" name="test_intake_rejects_lost_sources_and_broken_provenance[scope]" time="0.293" /><testcase classname="tests.test_folder_evidence" name="test_intake_rejects_lost_sources_and_broken_provenance[self]" time="0.295" /><testcase classname="tests.test_folder_evidence" name="test_intake_rejects_lost_sources_and_broken_provenance[version]" time="0.298" /><testcase classname="tests.test_folder_evidence" name="test_intake_rejects_lost_sources_and_broken_provenance[selected]" time="0.295" /><testcase classname="tests.test_frontier" name="test_frontier_md_is_current" time="0.924" /><testcase classname="tests.test_frontier" name="test_the_two_t0_counters_agree" time="0.171" /><testcase classname="tests.test_frontier" name="test_no_lean_theorem_is_counted_twice" time="0.059" /><testcase classname="tests.test_frontier" name="test_the_brief_is_short_enough_to_read" time="0.920" /><testcase classname="tests.test_frontier" name="test_the_brief_carries_the_traps_that_actually_recur" time="0.911" /><testcase classname="tests.test_frontier" name="test_the_brief_names_the_open_contradiction_by_id" time="1.864" /><testcase classname="tests.test_frontier" name="test_the_hook_emits_valid_session_start_json" time="1.196" /><testcase classname="tests.test_frontier" name="test_the_cheapest_step_actually_settles_something" time="0.900" /><testcase classname="tests.test_frontier" name="test_downstream_ranking_no_longer_gates_on_the_adjudication" time="1.018" /><testcase classname="tests.test_frontier" name="test_unifying_candidates_all_carry_a_falsifier" time="0.936" /><testcase classname="tests.test_frontier" name="test_cli_frontier_runs" time="1.584" /><testcase classname="tests.test_frontier" name="test_lean_counters_ignore_comments" time="0.001" /><testcase classname="tests.test_frontier" name="test_current_lean_tree_has_no_sorries" time="0.180" /><testcase classname="tests.test_full_corpus_coverage" name="test_inventory_covers_independently_reconstructed_source_union" time="3.120" /><testcase classname="tests.test_full_corpus_coverage" name="test_strict_subset_cannot_pass_by_its_own_count" time="0.391" /><testcase classname="tests.test_full_corpus_coverage" name="test_recovered_object_list_must_cover_recursive_member_hashes" time="0.241" /><testcase classname="tests.test_full_corpus_coverage" name="test_missing_copy_locator_is_not_hidden_by_digest_coverage" time="0.893" /><testcase classname="tests.test_full_corpus_coverage" name="test_inventory_cannot_promote_a_proof" time="0.389" /><testcase classname="tests.test_full_corpus_coverage" name="test_array_metadata_does_not_claim_text_signature_scan" time="0.675" /><testcase classname="tests.test_full_corpus_coverage" name="test_quarantine_locator_cannot_escape_designated_root" time="0.453" /><testcase classname="tests.test_full_corpus_coverage" name="test_changed_compressed_source_is_rejected_before_parsing" time="0.001"><error message="failed on setup with &quot;FileNotFoundError: [WinError 3] The system cannot find the path specified: 'C:\\WORKHOUSE\\test-temp\\folder-evidence-full-20260910-a'&quot;">self = WindowsPath('C:/WORKHOUSE/test-temp/folder-evidence-full-20260910-a')
mode = 448, parents = False, exist_ok = False

    def mkdir(self, mode=0o777, parents=False, exist_ok=False):
        """
        Create a new directory at this given path.
        """
        try:
&gt;           os.mkdir(self, mode)
E           FileNotFoundError: [WinError 3] The system cannot find the path specified: 'C:\\WORKHOUSE\\test-temp\\folder-evidence-full-20260910-a'

C:\Users\Alex\AppData\Roaming\uv\python\cpython-3.13-windows-x86_64-none\Lib\pathlib\_local.py:722: FileNotFoundError</error></testcase><testcase classname="tests.test_full_corpus_coverage" name="test_optimized_python_still_rejects_a_strict_subset" time="0.001"><error message="failed on setup with &quot;FileNotFoundError: [WinError 3] The system cannot find the path specified: 'C:\\WORKHOUSE\\test-temp\\folder-evidence-full-20260910-a'&quot;">self = WindowsPath('C:/WORKHOUSE/test-temp/folder-evidence-full-20260910-a')
mode = 448, parents = False, exist_ok = False

    def mkdir(self, mode=0o777, parents=False, exist_ok=False):
        """
        Create a new directory at this given path.
        """
        try:
&gt;           os.mkdir(self, mode)
E           FileNotFoundError: [WinError 3] The system cannot find the path specified: 'C:\\WORKHOUSE\\test-temp\\folder-evidence-full-20260910-a'

C:\Users\Alex\AppData\Roaming\uv\python\cpython-3.13-windows-x86_64-none\Lib\pathlib\_local.py:722: FileNotFoundError</error></testcase><testcase classname="tests.test_full_corpus_coverage" name="test_extraction_metadata_is_matched_to_pinned_sources[text_file-../wrong-source.txt]" time="0.677" /><testcase classname="tests.test_full_corpus_coverage" name="test_extraction_metadata_is_matched_to_pinned_sources[text_sha256-0000000000000000000000000000000000000000000000000000000000000000]" time="0.548" /><testcase classname="tests.test_full_corpus_coverage" name="test_extraction_metadata_is_matched_to_pinned_sources[method-fabricated full visual and mathematical verification]" time="0.475" /><testcase classname="tests.test_full_corpus_coverage" name="test_dropped_structured_archive_chain_is_rejected" time="0.586" /><testcase classname="tests.test_full_corpus_coverage" name="test_changed_archive_container_digest_is_rejected" time="0.990" /><testcase classname="tests.test_full_corpus_coverage" name="test_dropped_prior_review_is_rejected" time="0.562" /><testcase classname="tests.test_full_corpus_coverage" name="test_fabricated_prior_review_is_not_self_authenticating" time="0.619" /><testcase classname="tests.test_full_corpus_coverage" name="test_duplicate_census_path_cannot_be_silently_collapsed" time="0.014" /><testcase classname="tests.test_graph" name="test_graph_file_is_current" time="0.247" /><testcase classname="tests.test_graph" name="test_every_endpoint_resolves_and_nothing_dangles" time="0.012" /><testcase classname="tests.test_graph" name="test_building_twice_is_byte_identical" time="6.376" /><testcase classname="tests.test_graph" name="test_edge_types_are_the_closed_set" time="0.001" /><testcase classname="tests.test_graph" name="test_the_ledger_edges_survive_the_round_trip" time="0.000" /><testcase classname="tests.test_graph" name="test_the_citation_web_is_in_the_graph" time="0.211" /><testcase classname="tests.test_graph" name="test_paper_level_nodes_exist_beside_the_edge_records" time="0.002" /><testcase classname="tests.test_graph" name="test_each_paper_reaches_every_one_of_its_bearing_claims" time="0.263" /><testcase classname="tests.test_graph" name="test_checks_cite_the_ids_buried_in_their_free_text" time="0.008" /><testcase classname="tests.test_graph" name="test_the_adr_lifecycle_is_structural" time="0.000" /><testcase classname="tests.test_graph" name="test_the_retracted_dependency_is_never_materialized" time="0.009" /><testcase classname="tests.test_graph" name="test_theorem_map_is_complete_and_sound" time="0.361" /><testcase classname="tests.test_graph" name="test_catalogue_ids_are_unique" time="3.494" /><testcase classname="tests.test_graph" name="test_the_t0_layer_is_in_the_catalogue" time="0.097" /><testcase classname="tests.test_graph" name="test_why_shows_both_sides_of_the_dispute" time="0.216" /><testcase classname="tests.test_graph" name="test_why_carries_the_retraction_with_
[...]
mode = 448, parents = False, exist_ok = False

    def mkdir(self, mode=0o777, parents=False, exist_ok=False):
        """
        Create a new directory at this given path.
        """
        try:
&gt;           os.mkdir(self, mode)
E           FileNotFoundError: [WinError 3] The system cannot find the path specified: 'C:\\WORKHOUSE\\test-temp\\folder-evidence-full-20260910-a'

C:\Users\Alex\AppData\Roaming\uv\python\cpython-3.13-windows-x86_64-none\Lib\pathlib\_local.py:722: FileNotFoundError</error></testcase><testcase classname="tests.test_wilson_activity_extraction" name="test_runner_cannot_certify_with_assertions_disabled" time="0.001"><error message="failed on setup with &quot;FileNotFoundError: [WinError 3] The system cannot find the path specified: 'C:\\WORKHOUSE\\test-temp\\folder-evidence-full-20260910-a'&quot;">self = WindowsPath('C:/WORKHOUSE/test-temp/folder-evidence-full-20260910-a')
mode = 448, parents = False, exist_ok = False

    def mkdir(self, mode=0o777, parents=False, exist_ok=False):
        """
        Create a new directory at this given path.
        """
        try:
&gt;           os.mkdir(self, mode)
E           FileNotFoundError: [WinError 3] The system cannot find the path specified: 'C:\\WORKHOUSE\\test-temp\\folder-evidence-full-20260910-a'

C:\Users\Alex\AppData\Roaming\uv\python\cpython-3.13-windows-x86_64-none\Lib\pathlib\_local.py:722: FileNotFoundError</error></testcase><testcase classname="tests.test_wilson_bundle_provenance" name="test_every_original_package_member_has_one_unchanged_destination[discrete_time_wilson_2026-09-04]" time="0.002" /><testcase classname="tests.test_wilson_bundle_provenance" name="test_every_original_package_member_has_one_unchanged_destination[excited_wilson_window_2026-09-04]" time="0.002" /><testcase classname="tests.test_wilson_bundle_provenance" name="test_both_packages_are_registered_against_existing_native_gaps" time="0.167" /><testcase classname="tests.test_wilson_chart_independent_oracle" name="test_noncommuting_two_level_trace_determinant_and_eigenvector_oracle[1]" time="0.004" /><testcase classname="tests.test_wilson_chart_independent_oracle" name="test_noncommuting_two_level_trace_determinant_and_eigenvector_oracle[4]" time="0.005" /><testcase classname="tests.test_wilson_chart_recursion" name="test_degree_two_matches_separate_specialized_implementation" time="0.062" /><testcase classname="tests.test_wilson_chart_recursion" name="test_single_face_matches_closed_two_by_two_spectral_formula_through_four" time="0.007" /><testcase classname="tests.test_wilson_chart_recursion" name="test_fourth_order_overlap_and_third_order_chain_anchor_all_coefficients" time="0.090" /><testcase classname="tests.test_wilson_chart_recursion" name="test_cubic_and_quartic_generators_are_block_independent" time="0.000" /><testcase classname="tests.test_wilson_chart_recursion" name="test_disconnected_cubic_and_quartic_coefficients_with_spectator" time="0.044" /><testcase classname="tests.test_wilson_chart_recursion" name="test_connected_cubic_coefficient_on_nonvacuum_spectators" time="0.028" /><testcase classname="tests.test_wilson_contour_trees" name="test_marked_tree_recursion_and_connected_majorant" time="0.001" /><testcase classname="tests.test_wilson_contour_trees" name="test_repeated_support_requires_the_root_mark" time="0.000" /><testcase classname="tests.test_wilson_creator_parent" name="test_parent_gap_and_unique_vacuum_have_independent_exact_certificates[0]" time="0.625" /><testcase classname="tests.test_wilson_creator_parent" name="test_parent_gap_and_unique_vacuum_have_independent_exact_certificates[1]" time="0.075" /><testcase classname="tests.test_wilson_creator_parent" name="test_parent_gap_and_unique_vacuum_have_independent_exact_certificates[2]" time="0.053" /><testcase classname="tests.test_wilson_creator_parent" name="test_parent_gap_and_unique_vacuum_have_independent_exact_certificates[3]" time="0.015" /><testcase classname="tests.test_wilson_creator_parent" name="test_parent_gap_and_unique_vacuum_have_independent_exact_certificates[4]" time="0.152" /><testcase classname="tests.test_wilson_creator_parent" name="test_parent_gap_and_unique_vacuum_have_independent_exact_certificates[5]" time="0.046" /><testcase classname="tests.test_wilson_creator_parent" name="test_rooted_ball_implies_the_stated_fixed_gap_in_a_multibody_overlap" time="0.001" /><testcase classname="tests.test_wilson_creator_parent" name="test_quadratic_term_is_essential_to_positivity_and_the_vacuum" time="0.001" /><testcase classname="tests.test_wilson_creator_parent" name="test_vector_valued_ternary_overlap_is_checked_without_scalar_collapse" time="0.001" /><testcase classname="tests.test_wilson_creator_parent" name="test_exact_gap_equality_is_allowed_without_artificial_strict_rank" time="0.010" /><testcase classname="tests.test_wilson_creator_parent" name="test_bounded_rooted_data_does_not_bound_the_global_similarity" time="0.004" /><testcase classname="tests.test_wilson_creator_parent" name="test_positive_diagonal_is_not_mistaken_for_psd[matrix0]" time="0.001" /><testcase classname="tests.test_wilson_creator_parent" name="test_positive_diagonal_is_not_mistaken_for_psd[matrix1]" time="0.001" /><testcase classname="tests.test_wilson_creator_parent" name="test_altered_certificate_factorization_is_rejected" time="0.009" /><testcase classname="tests.test_wilson_creator_parent" name="test_replay_recomputes_gap_instead_of_trusting_its_label" time="0.007" /><testcase classname="tests.test_wilson_creator_parent" name="test_float_coefficients_are_not_silently_recast_as_exact_input" time="0.001" /><testcase classname="tests.test_wilson_creator_parent" name="test_a_creator_cannot_carry_a_vacuum_component" time="0.000" /><testcase classname="tests.test_wilson_creator_parent" name="test_runner_refuses_to_overwrite_existing_evidence" time="0.001"><error message="failed on setup with &quot;FileNotFoundError: [WinError 3] The system cannot find the path specified: 'C:\\WORKHOUSE\\test-temp\\folder-evidence-full-20260910-a'&quot;">self = WindowsPath('C:/WORKHOUSE/test-temp/folder-evidence-full-20260910-a')
mode = 448, parents = False, exist_ok = False

    def mkdir(self, mode=0o777, parents=False, exist_ok=False):
        """
        Create a new directory at this given path.
        """
        try:
&gt;           os.mkdir(self, mode)
E           FileNotFoundError: [WinError 3] The system cannot find the path specified: 'C:\\WORKHOUSE\\test-temp\\folder-evidence-full-20260910-a'

C:\Users\Alex\AppData\Roaming\uv\python\cpython-3.13-windows-x86_64-none\Lib\pathlib\_local.py:722: FileNotFoundError</error></testcase><testcase classname="tests.test_wilson_creator_parent" name="test_runner_refuses_disabled_assertions" time="0.000"><error message="failed on setup with &quot;FileNotFoundError: [WinError 3] The system cannot find the path specified: 'C:\\WORKHOUSE\\test-temp\\folder-evidence-full-20260910-a'&quot;">self = WindowsPath('C:/WORKHOUSE/test-temp/folder-evidence-full-20260910-a')
mode = 448, parents = False, exist_ok = False

    def mkdir(self, mode=0o777, parents=False, exist_ok=False):
        """
        Create a new directory at this given path.
        """
        try:
&gt;           os.mkdir(self, mode)
E           FileNotFoundError: [WinError 3] The system cannot find the path specified: 'C:\\WORKHOUSE\\test-temp\\folder-evidence-full-20260910-a'

C:\Users\Alex\AppData\Roaming\uv\python\cpython-3.13-windows-x86_64-none\Lib\pathlib\_local.py:722: FileNotFoundError</error></testcase><testcase classname="tests.test_wilson_creator_parent" name="test_runner_records_scoped_native_checks_and_independent_certificates" time="0.001"><error message="failed on setup with &quot;FileNotFoundError: [WinError 3] The system cannot find the path specified: 'C:\\WORKHOUSE\\test-temp\\folder-evidence-full-20260910-a'&quot;">self = WindowsPath('C:/WORKHOUSE/test-temp/folder-evidence-full-20260910-a')
mode = 448, parents = False, exist_ok = False

    def mkdir(self, mode=0o777, parents=False, exist_ok=False):
        """
        Create a new directory at this given path.
        """
        try:
&gt;           os.mkdir(self, mode)
E           FileNotFoundError: [WinError 3] The system cannot find the path specified: 'C:\\WORKHOUSE\\test-temp\\folder-evidence-full-20260910-a'

C:\Users\Alex\AppData\Roaming\uv\python\cpython-3.13-windows-x86_64-none\Lib\pathlib\_local.py:722: FileNotFoundError</error></testcase><testcase classname="tests.test_wilson_creator_velocity" name="test_exact_entangled_and_complex_paths_check_every_map_column" time="0.000" /><testcase classname="tests.test_wilson_creator_velocity" name="test_support_inverse_is_independent_of_tensor_matrix_construction" time="0.002" /><testcase classname="tests.test_wilson_creator_velocity" name="test_tensor_exponential_is_independent_of_support_convolution" time="0.002" /><testcase classname="tests.test_wilson_creator_velocity" name="test_local_creator_keeps_excited_spectators_and_entanglement" time="0.003" /><testcase classname="tests.test_wilson_creator_velocity" name="test_complex_linear_substitution_fails_the_true_conjugate_linear_equation" time="0.003" /><testcase classname="tests.test_wilson_creator_velocity" name="test_global_inverse_respects_disjoint_component_factorization" time="0.000" /><testcase classname="tests.test_wilson_creator_velocity" name="test_neumann_remainder_is_nonzero_and_rigorously_bounded" time="0.001" /><testcase classname="tests.test_wilson_creator_velocity" name="test_rooted_column_anchor_bound_handles_changed_roots_and_complex_inputs" time="0.021" /><testcase classname="tests.test_wilson_creator_velocity" name="test_invalid_local_dimensions_are_rejected[dimensions0]" time="0.001" /><testcase classname="tests.test_wilson_creator_velocity" name="test_invalid_local_dimensions_are_rejected[dimensions1]" time="0.000" /><testcase classname="tests.test_wilson_creator_velocity" name="test_invalid_local_dimensions_are_rejected[dimensions2]" time="0.000" /><testcase classname="tests.test_wilson_creator_velocity" name="test_empty_support_inexact_coefficients_and_invalid_basis_are_rejected" time="0.001" /><testcase classname="tests.test_wilson_creator_velocity" name="test_large_creator_can_make_the_real_linear_inverse_singular" time="0.001" /><testcase classname="tests.test_wilson_creator_velocity" name="test_noncommuting_contour_keeps_order_and_connected_partition_subtraction" time="0.000" /><testcase classname="tests.test_wilson_creator_velocity" name="test_scalar_bounds_retain_the_analytic_premises" time="0.000" /><testcase classname="tests.test_wilson_creator_velocity" name="test_runner_records_finite_scope_and_refuses_overwrite" time="0.000"><error message="failed on setup with &quot;FileNotFoundError: [WinError 3] The system cannot find the path specified: 'C:\\WORKHOUSE\\test-temp\\folder-evidence-full-20260910-a'&quot;">self = WindowsPath('C:/WORKHOUSE/test-temp/folder-evidence-full-20260910-a')
mode = 448, parents = False, exist_ok = False

    def mkdir(self, mode=0o777, parents=False, exist_ok=False):
        """
        Create a new directory at this given path.
        """
        try:
&gt;           os.mkdir(self, mode)
E           FileNotFoundError: [WinError 3] The system cannot find the path specified: 'C:\\WORKHOUSE\\test-temp\\folder-evidence-full-20260910-a'

C:\Users\Alex\AppData\Roaming\uv\python\cpython-3.13-windows-x86_64-none\Lib\pathlib\_local.py:722: FileNotFoundError</error></testcase><testcase classname="tests.test_wilson_creator_velocity" name="test_runner_cannot_certify_with_assertions_disabled" time="0.001"><error message="failed on setup with &quot;FileNotFoundError: [WinError 3] The system cannot find the path specified: 'C:\\WORKHOUSE\\test-temp\\folder-evidence-full-20260910-a'&quot;">self = WindowsPath('C:/WORKHOUSE/test-temp/folder-evidence-full-20260910-a')
mode = 448, parents = False, exist_ok = False

    def mkdir(self, mode=0o777, parents=False, exist_ok=False):
        """
        Create a new directory at this given path.
        """
        try:
&gt;           os.mkdir(self, mode)
E           FileNotFoundError: [WinError 3] The system cannot find the path specified: 'C:\\WORKHOUSE\\test-temp\\folder-evidence-full-20260910-a'

C:\Users\Alex\AppData\Roaming\uv\python\cpython-3.13-windows-x86_64-none\Lib\pathlib\_local.py:722: FileNotFoundError</error></testcase><testcase classname="tests.test_wilson_physical_band" name="test_rotated_source_map_has_a_two_sided_inverse_and_exact_gram_certificates" time="0.001" /><testcase classname="tests.test_wilson_physical_band" name="test_psd_certificate_rejects_negative_and_nonsymmetric_matrices" time="0.001" /><testcase classname="tests.test_wilson_physical_band" name="test_tagged_gram_has_real_overlap_and_zero_disjoint_cross_terms" time="0.001" /><testcase classname="tests.test_wilson_physical_band" name="test_dropping_termwise_centering_breaks_the_gram_bound" time="0.000" /><testcase classname="tests.test_wilson_physical_band" name="test_activity_exhaustion_has_nonzero_tails_and_a_surviving_disjoint_product" time="0.001" /><testcase classname="tests.test_wilson_physical_band" name="test_direct_family_enumeration_does_not_allow_overlapping_activities" time="0.000" /><testcase classname="tests.test_wilson_physical_band" name="test_frame_margins_and_completeness_counterexamples" time="0.001" /><testcase classname="tests.test_wilson_physical_band" name="test_native_suite_registers_exactly_five_finitely_scoped_checks" time="0.002" /><testcase classname="tests.test_wilson_physical_band" name="test_runner_preserves_scope_and_refuses_overwrite" time="0.000"><error message="failed on setup with &quot;FileNotFoundError: [WinError 3] The system cannot find the path specified: 'C:\\WORKHOUSE\\test-temp\\folder-evidence-full-20260910-a'&quot;">self = WindowsPath('C:/WORKHOUSE/test-temp/folder-evidence-full-20260910-a')
mode = 448, parents = False, exist_ok = False

    def mkdir(self, mode=0o777, parents=False, exist_ok=False):
        """
        Create a new directory at this given path.
        """
        try:
&gt;           os.mkdir(self, mode)
E           FileNotFoundError: [WinError 3] The system cannot find the path specified: 'C:\\WORKHOUSE\\test-temp\\folder-evidence-full-20260910-a'

C:\Users\Alex\AppData\Roaming\uv\python\cpython-3.13-windows-x86_64-none\Lib\pathlib\_local.py:722: FileNotFoundError</error></testcase><testcase classname="tests.test_wilson_physical_band" name="test_runner_rejects_optimized_python" time="0.000"><error message="failed on setup with &quot;FileNotFoundError: [WinError 3] The system cannot find the path specified: 'C:\\WORKHOUSE\\test-temp\\folder-evidence-full-20260910-a'&quot;">self = WindowsPath('C:/WORKHOUSE/test-temp/folder-evidence-full-20260910-a')
mode = 448, parents = False, exist_ok = False

    def mkdir(self, mode=0o777, parents=False, exist_ok=False):
        """
        Create a new directory at this given path.
        """
        try:
&gt;           os.mkdir(self, mode)
E           FileNotFoundError: [WinError 3] The system cannot find the path specified: 'C:\\WORKHOUSE\\test-temp\\folder-evidence-full-20260910-a'

C:\Users\Alex\AppData\Roaming\uv\python\cpython-3.13-windows-x86_64-none\Lib\pathlib\_local.py:722: FileNotFoundError</error></testcase><testcase classname="tests.test_wilson_vacuum_chart" name="test_first_order_chart_fails_and_quadratic_chart_cancels_exactly" time="0.002" /><testcase classname="tests.test_wilson_vacuum_chart" name="test_both_generators_are_independent_of_positive_block_power[1]" time="0.003" /><testcase classname="tests.test_wilson_vacuum_chart" name="test_both_generators_are_independent_of_positive_block_power[3]" time="0.004" /><testcase classname="tests.test_wilson_vacuum_chart" name="test_both_generators_are_independent_of_positive_block_power[5]" time="0.004" /><testcase classname="tests.test_wilson_vacuum_chart" name="test_overlapping_four_link_faces_have_anchored_second_coefficients[1]" time="0.095" /><testcase classname="tests.test_wilson_vacuum_chart" name="test_overlapping_four_link_faces_have_anchored_second_coefficients[2]" time="0.113" /><testcase classname="tests.test_wilson_vacuum_chart" name="test_quadratic_generator_for_overlapping_faces_is_the_same_at_two_blocks" time="0.000" /><testcase classname="tests.test_wilson_vacuum_chart" name="test_disjoint_coefficient_is_product_of_anchored_first_coefficients" time="0.018" /><testcase classname="tests.test_wilson_vacuum_chart" name="test_local_chart_keeps_spectator_factors_in_every_operator_entry" time="0.044" /><testcase classname="tests.test_wilson_vacuum_chart" name="test_three_potentials_reconstruct_all_degree_two_connected_components" time="0.037" /><testcase classname="tests.test_wilson_vacuum_chart" name="test_support_maxima_and_rational_full_operator_constant" time="0.005" /><testcase classname="tests.test_wilson_vacuum_chart" name="test_noncentered_or_wrong_kinetic_inputs_reject" time="0.002" /><testcase classname="tests.test_wilson_vacuum_compression" name="test_second_rotation_changes_only_the_vacuum_offdiagonal_blocks" time="0.002" /><testcase classname="tests.test_wilson_vacuum_compression" name="test_first_rotation_preserves_the_excited_compression_of_raw_transfer" time="0.012" /><testcase classname="tests.test_wilson_vacuum_compression" name="test_perron_compression_factor_is_sharp_for_general_positive_families" time="0.001" /><testcase classname="tests.test_yangmills_sources" name="test_every_seed_reference_and_bundled_work_is_represented" time="0.192" /><testcase classname="tests.test_yangmills_sources" name="test_acquisition_is_not_silently_equated_with_a_complete_reading" time="0.157" /><testcase classname="tests.test_yangmills_sources" name="test_local_reading_copies_match_their_recorded_versions_when_present" time="0.003" /><testcase classname="tests.test_yangmills_sources" name="test_methodological_nodes_keep_the_physical_operator_and_limit_obligations" time="0.301" /><testcase classname="tests.test_yangmills_sources" name="test_page_extraction_accounts_for_every_source_and_page_without_inventing_fulltext" time="0.010" /></testsuite></testsuites>