<?xml version="1.0" encoding="utf-8"?><testsuites name="pytest tests"><testsuite name="pytest" errors="0" failures="0" skipped="0" tests="35" time="8.149" timestamp="2026-09-10T11:52:00.085507-04:00" hostname="DESKTOP-6008VVG"><testcase classname="tests.test_literature" name="test_index_loads_and_validates" time="0.279" /><testcase classname="tests.test_literature" name="test_every_paper_bears_on_something_that_exists" time="0.271" /><testcase classname="tests.test_literature" name="test_no_fulltext_is_stored_without_a_redistributable_licence" time="0.155" /><testcase classname="tests.test_literature" name="test_every_paper_is_pinnable" time="0.154" /><testcase classname="tests.test_literature" name="test_an_institutional_work_without_doi_or_arxiv_is_identifiable" time="0.278" /><testcase classname="tests.test_literature" name="test_invalid_source_urls_cannot_replace_a_scholarly_identifier[None]" time="0.285" /><testcase classname="tests.test_literature" name="test_invalid_source_urls_cannot_replace_a_scholarly_identifier[]" time="0.275" /><testcase classname="tests.test_literature" name="test_invalid_source_urls_cannot_replace_a_scholarly_identifier[http://example.org/a.pdf]" time="0.277" /><testcase classname="tests.test_literature" name="test_invalid_source_urls_cannot_replace_a_scholarly_identifier[https:///a.pdf]" time="0.275" /><testcase classname="tests.test_literature" name="test_invalid_source_urls_cannot_replace_a_scholarly_identifier[https://a b/a.pdf]" time="0.272" /><testcase classname="tests.test_literature" name="test_invalid_source_urls_cannot_replace_a_scholarly_identifier[https://user:password@example.org/a.pdf]" time="0.275" /><testcase classname="tests.test_literature" name="test_invalid_source_urls_cannot_replace_a_scholarly_identifier[file:///a.pdf]" time="0.282" /><testcase classname="tests.test_literature" name="test_invalid_source_urls_cannot_replace_a_scholarly_identifier[https://[broken]" time="0.277" /><testcase classname="tests.test_literature" name="test_the_hamer_edge_is_verified_and_stays_pinned" time="0.153" /><testcase classname="tests.test_literature" name="test_the_confusable_paper_is_recorded_as_such" time="0.158" /><testcase classname="tests.test_literature" name="test_wanted_entries_say_what_they_would_settle" time="0.153" /><testcase classname="tests.test_literature" name="test_a_target_query_finds_the_weingarten_edge" time="0.153" /><testcase classname="tests.test_literature" name="test_a_scope_firewall_forbids_supplying_values" time="0.153" /><testcase classname="tests.test_literature" name="test_the_firewall_rule_actually_fires" time="0.274" /><testcase classname="tests.test_literature" name="test_stored_fulltext_is_byte_identical_to_what_was_read" time="0.177" /><testcase classname="tests.test_literature" name="test_a_verbatim_only_licence_needs_a_digest" time="0.275" /><testcase classname="tests.test_literature" name="test_publisher_copyright_still_blocks_storage" time="0.276" /><testcase classname="tests.test_literature" name="test_every_cites_entry_resolves" time="0.155" /><testcase classname="tests.test_literature" name="test_an_unresolvable_cite_is_caught" time="0.281" /><testcase classname="tests.test_literature" name="test_an_orphan_stub_is_rejected_as_decoration" time="0.275" /><testcase classname="tests.test_literature" name="test_a_stub_cannot_carry_evidence" time="0.278" /><testcase classname="tests.test_literature" name="test_an_undated_inspire_count_is_rejected" time="0.283" /><testcase classname="tests.test_literature" name="test_in_degree_is_computed_and_covers_every_node" time="0.151" /><testcase classname="tests.test_literature" name="test_the_acquisition_target_falls_out_of_the_data" time="0.156" /><testcase classname="tests.test_literature" name="test_the_two_relevance_weights_stay_separate" time="0.154" /><testcase classname="tests.test_literature" name="test_holes_are_leads_with_a_checking_recipe" time="0.184" /><testcase classname="tests.test_literature" name="test_a_confusable_edge_never_opens_a_hole" time="0.180" /><testcase classname="tests.test_literature" name="test_the_hamer_kss_disentanglement_holds" time="0.153" /><testcase classname="tests.test_literature" name="test_the_kps_table_is_pinned_and_its_edges_verified" time="0.166" /><testcase classname="tests.test_literature" name="test_read_citers_are_pinned_and_their_negatives_recorded" time="0.154" /></testsuite></testsuites>