<?xml version="1.0" encoding="utf-8"?><testsuites name="pytest tests"><testsuite name="pytest" errors="0" failures="0" skipped="0" tests="18" time="2.571" timestamp="2026-09-10T11:59:30.932851-04:00" hostname="DESKTOP-6008VVG"><testcase classname="tests.test_folder_evidence" name="test_received_folder_evidence_has_scoped_graph_coverage" time="0.340" /><testcase classname="tests.test_folder_evidence" name="test_intake_rejects_lost_sources_and_broken_provenance[omitted]" time="0.004" /><testcase classname="tests.test_folder_evidence" name="test_intake_rejects_lost_sources_and_broken_provenance[duplicate]" time="0.003" /><testcase classname="tests.test_folder_evidence" name="test_intake_rejects_lost_sources_and_broken_provenance[digest]" time="0.004" /><testcase classname="tests.test_folder_evidence" name="test_intake_rejects_lost_sources_and_broken_provenance[citation]" time="0.305" /><testcase classname="tests.test_folder_evidence" name="test_intake_rejects_lost_sources_and_broken_provenance[claim]" time="0.309" /><testcase classname="tests.test_folder_evidence" name="test_intake_rejects_lost_sources_and_broken_provenance[scope]" time="0.298" /><testcase classname="tests.test_folder_evidence" name="test_intake_rejects_lost_sources_and_broken_provenance[self]" time="0.295" /><testcase classname="tests.test_folder_evidence" name="test_intake_rejects_lost_sources_and_broken_provenance[version]" time="0.295" /><testcase classname="tests.test_folder_evidence" name="test_intake_rejects_lost_sources_and_broken_provenance[selected]" time="0.306" /><testcase classname="tests.test_runs" name="test_runs_directory_exists" time="0.001" /><testcase classname="tests.test_runs" name="test_every_run_dir_is_fully_pinned" time="0.309" /><testcase classname="tests.test_runs" name="test_nested_run_pins_detect_changed_and_unregistered_files" time="0.007" /><testcase classname="tests.test_runs" name="test_run_pins_reject_unsafe_paths[../proof.md]" time="0.003" /><testcase classname="tests.test_runs" name="test_run_pins_reject_unsafe_paths[/proof.md]" time="0.002" /><testcase classname="tests.test_runs" name="test_run_pins_reject_unsafe_paths[C:/proof.md]" time="0.002" /><testcase classname="tests.test_runs" name="test_run_pins_reject_unsafe_paths[sources\\proof.md]" time="0.002" /><testcase classname="tests.test_runs" name="test_run_pins_reject_duplicate_entries" time="0.002" /></testsuite></testsuites>